# callgrind format
version: 1
creator: pprofile
event: usphit :microseconds/hit
events: hits microseconds usphit
cmd: ./send_reminders.py '2023-10-17|Example|test1,test2,test3,test4,test5,test6,test7,test8,test9'
fl=<frozen codecs>
fn=__new__:94
94 1 2 2
97 1 7 7
98 1 2 2
99 1 1 1
100 1 2 2
101 1 4 4
102 1 2 2
103 1 2 2
104 1 2 2
105 1 2 2
107 1 1 1
fl=<frozen importlib._bootstrap>
fn=_find_and_load:1165
1165 16 100 6
1170 16 56 3
1171 16 29 1
1173 32 314 9
cfl=<frozen importlib._bootstrap>
cfn=__init__:165
calls=16 165
1173 16 87 5
cfl=<frozen importlib._bootstrap>
cfn=__enter__:169
calls=16 169
1173 16 1227 76
cfl=<frozen importlib._bootstrap>
cfn=__exit__:173
calls=16 173
1173 16 380 23
cfl=<frozen importlib._bootstrap>
cfn=cb:198
calls=13 198
1173 13 129 9
1174 16 34 2
1175 16 27 1
1176 16 99 6
cfl=<frozen importlib._bootstrap>
cfn=_find_and_load_unlocked:1120
calls=16 1120
1176 16 101620 6351
cfl=<frozen importlib._bootstrap>
cfn=cb:198
calls=3 198
1176 3 32 10
fn=__init__:165
165 16 23 1
166 16 29 1
167 16 34 2
fn=__enter__:169
169 16 22 1
170 16 90 5
cfl=<frozen importlib._bootstrap>
cfn=_get_module_lock:179
calls=16 179
170 16 709 44
171 16 82 5
cfl=<frozen importlib._bootstrap>
cfn=acquire:100
calls=16 100
171 16 321 20
fn=_get_module_lock:179
179 16 20 1
185 16 39 2
186 16 26 1
187 16 23 1
188 16 39 2
189 16 27 1
190 16 25 1
192 16 25 1
193 16 23 1
196 16 86 5
cfl=<frozen importlib._bootstrap>
cfn=__init__:71
calls=16 71
196 16 238 14
198 16 29 1
209 16 45 2
211 16 32 2
213 16 25 1
fn=__init__:71
71 16 20 1
72 16 35 2
73 16 86 5
74 16 24 1
75 16 24 1
76 16 22 1
77 16 24 1
fn=cb:198
198 16 22 1
199 16 31 1
200 16 22 1
204 16 32 2
205 16 25 1
207 16 29 1
fn=acquire:100
100 16 22 1
106 16 32 2
107 16 29 1
108 16 22 1
109 16 23 1
110 32 63 1
111 16 25 1
112 16 24 1
113 16 27 1
114 16 21 1
123 16 27 1
fn=_find_and_load_unlocked:1120
1120 16 27 1
1121 16 27 1
1122 16 32 2
1123 16 25 1
1124 16 24 1
1125 4 7 1
1126 2 11 5
cfl=<frozen importlib._bootstrap>
cfn=_call_with_frames_removed:233
calls=2 233
1126 2 2327 1163
1128 2 5 2
1130 2 4 2
1131 2 5 2
1132 2 4 2
1136 2 3 1
1137 2 7 3
1138 14 81 5
cfl=<frozen importlib._bootstrap>
cfn=_find_spec:1054
calls=14 1054
1138 14 13132 938
1139 14 24 1
1140 1 5 5
1142 13 22 1
1145 2 4 2
1146 13 22 1
1147 13 78 6
cfl=<frozen importlib._bootstrap>
cfn=_load_unlocked:666
calls=13 666
1147 13 98330 7563
1149 13 23 1
1150 2 4 2
1151 13 26 2
1153 2 3 1
1154 2 4 2
1155 2 5 2
1159 13 21 1
fn=_find_spec:1054
1054 14 22 1
1056 14 24 1
1057 14 22 1
1062 14 24 1
1068 14 24 1
1069 53 94 1
1070 104 503 4
cfl=<frozen importlib._bootstrap>
cfn=__enter__:1026
calls=52 1026
1070 52 155 2
cfl=<frozen importlib._bootstrap>
cfn=__exit__:1030
calls=52 1030
1070 52 155 2
1071 52 76 1
1072 52 92 1
1078 52 268 5
cfl=/usr/lib/python3/dist-packages/_distutils_hack/__init__.py
cfn=find_spec:89
calls=14 89
1078 14 292 20
cfl=<frozen importlib._bootstrap>
cfn=find_spec:748
calls=14 748
1078 14 201 14
cfl=<frozen importlib._bootstrap>
cfn=find_spec:920
calls=12 920
1078 12 170 14
cfl=<frozen importlib._bootstrap_external>
cfn=find_spec:1496
calls=12 1496
1078 12 10876 906
1079 52 79 1
1081 13 25 1
1096 13 20 1
1098 1 1 1
fn=__enter__:1026
1026 52 60 1
1028 52 95 1
fn=__exit__:1030
1030 52 61 1
1032 52 94 1
fn=find_spec:748
748 14 15 1
750 14 37 2
751 2 18 9
cfl=<frozen importlib._bootstrap>
cfn=spec_from_loader:422
calls=2 422
751 2 110 55
753 12 19 1
fn=find_spec:920
920 12 16 1
922 12 66 5
cfl=<frozen importlib._bootstrap>
cfn=_call_with_frames_removed:233
calls=12 233
922 12 46 3
923 12 22 1
924 12 19 1
fn=_call_with_frames_removed:233
233 31 43 1
241 31 3488 112
cfl=<frozen importlib._bootstrap>
cfn=_find_and_load:1165
calls=2 1165
241 2 2319 1159
cfl=/usr/lib/python3.11/copy.py
cfn=<module>:1
calls=1 1
241 1 2908 2908
cfl=/usr/lib/python3.11/email/generator.py
cfn=<module>:1
calls=1 1
241 1 8684 8684
cfl=/usr/lib/python3.11/hashlib.py
cfn=<module>:1
calls=1 1
241 1 1114 1114
cfl=/usr/lib/python3.11/hmac.py
cfn=<module>:1
calls=1 1
241 1 10753 10753
cfl=/usr/lib/python3.11/ssl.py
cfn=<module>:1
calls=1 1
241 1 43264 43264
cfl=/usr/lib/python3.11/smtplib.py
cfn=<module>:1
calls=1 1
241 1 72615 72615
cfl=/usr/lib/python3.11/_strptime.py
cfn=<module>:1
calls=1 1
241 1 7521 7521
cfl=/usr/lib/python3.11/stringprep.py
cfn=<module>:1
calls=1 1
241 1 8459 8459
cfl=/usr/lib/python3.11/encodings/idna.py
cfn=<module>:1
calls=1 1
241 1 15707 15707
fn=_verbose_message:244
244 208 268 1
246 208 385 1
fn=__init__:357
357 14 22 1
359 14 22 1
360 14 21 1
361 14 21 1
362 14 20 1
363 14 22 1
364 14 21 1
367 14 21 1
368 14 22 1
fn=_load_unlocked:666
666 13 20 1
668 13 22 1
670 13 27 2
676 13 67 5
cfl=<frozen importlib._bootstrap>
cfn=module_from_spec:566
calls=13 566
676 13 3443 264
681 13 22 1
682 13 22 1
683 13 25 1
684 13 19 1
685 13 20 1
690 13 82 6
cfl=<frozen importlib._bootstrap_external>
cfn=exec_module:934
calls=9 934
690 9 97473 10830
cfl=<frozen importlib._bootstrap_external>
cfn=exec_module:1239
calls=2 1239
690 2 2042 1021
cfl=<frozen importlib._bootstrap>
cfn=exec_module:778
calls=2 778
690 2 59 29
701 13 39 3
702 13 29 2
703 13 72 5
cfl=<frozen importlib._bootstrap>
cfn=_verbose_message:244
calls=13 244
703 13 50 3
705 13 24 1
707 13 20 1
fn=module_from_spec:566
566 13 18 1
569 13 21 1
570 13 23 1
573 13 70 5
cfl=<frozen importlib._bootstrap_external>
cfn=create_module:931
calls=9 931
573 9 26 2
cfl=<frozen importlib._bootstrap_external>
cfn=create_module:1231
calls=2 1231
573 2 1171 585
cfl=<frozen importlib._bootstrap>
cfn=create_module:770
calls=2 770
573 2 58 29
577 13 20 1
578 9 43 4
cfl=<frozen importlib._bootstrap>
cfn=_new_module:48
calls=9 48
578 9 35 3
579 13 69 5
cfl=<frozen importlib._bootstrap>
cfn=_init_module_attrs:493
calls=13 493
579 13 1866 143
580 13 20 1
fn=_new_module:48
48 9 10 1
49 9 25 2
fn=_init_module_attrs:493
493 13 16 1
497 13 27 2
503 13 24 1
504 13 20 1
505 13 20 1
526 13 19 1
527 13 20 1
531 13 23 1
532 13 19 1
533 13 67 5
cfl=<frozen importlib._bootstrap>
cfn=parent:405
calls=13 405
533 13 66 5
537 13 20 1
538 13 20 1
542 13 60 4
543 13 23 1
550 13 64 4
cfl=<frozen importlib._bootstrap>
cfn=has_location:413
calls=13 413
550 13 36 2
551 11 32 2
552 11 16 1
553 11 22 2
557 11 32 2
558 11 59 5
cfl=<frozen importlib._bootstrap>
cfn=cached:392
calls=11 392
558 11 1034 94
559 9 14 1
560 9 44 4
cfl=<frozen importlib._bootstrap>
cfn=cached:392
calls=9 392
560 9 37 4
563 13 20 1
fn=parent:405
405 13 16 1
408 13 21 1
409 13 28 2
fn=has_location:413
413 13 14 1
415 13 21 1
fn=cached:392
392 20 26 1
394 20 30 1
395 11 17 1
396 11 17 1
398 11 57 5
cfl=<frozen importlib._bootstrap_external>
cfn=_get_cached:567
calls=11 567
398 11 890 80
399 20 31 1
fn=__exit__:173
173 16 21 1
174 16 87 5
cfl=<frozen importlib._bootstrap>
cfn=release:125
calls=16 125
174 16 270 16
fn=release:125
125 16 21 1
126 16 32 2
127 32 63 1
128 16 25 1
130 16 25 1
131 16 28 1
132 16 24 1
133 16 22 1
134 16 25 1
fn=spec_from_loader:422
422 2 4 2
424 2 5 2
427 2 3 1
438 2 3 1
439 2 4 2
440 2 4 2
441 2 12 6
cfl=<frozen importlib._bootstrap>
cfn=_requires_builtin_wrapper:254
calls=2 254
441 2 30 15
448 2 13 6
cfl=<frozen importlib._bootstrap>
cfn=__init__:357
calls=2 357
448 2 26 13
fn=_requires_builtin_wrapper:254
254 2 3 1
255 2 8 4
258 2 12 6
cfl=<frozen importlib._bootstrap>
cfn=is_package:795
calls=2 795
258 2 6 3
fn=is_package:795
795 2 3 1
799 2 3 1
fn=create_module:770
770 2 3 1
773 2 5 2
776 2 16 8
cfl=<frozen importlib._bootstrap>
cfn=_call_with_frames_removed:233
calls=2 233
776 2 32 16
fn=exec_module:778
778 2 3 1
781 2 16 8
cfl=<frozen importlib._bootstrap>
cfn=_call_with_frames_removed:233
calls=2 233
781 2 39 19
fn=_handle_fromlist:1207
1207 4 38 9
1217 8 16 2
1218 4 8 2
1225 4 58 14
1229 4 9 2
1241 4 6 1
fl=/usr/lib/python3.11/email/_parseaddr.py
fn=quote:201
201 1 2 2
208 1 8 8
fl=/usr/lib/python3.11/types.py
fn=__init__:164
164 136 206 1
165 136 216 1
166 136 200 1
167 136 195 1
169 136 207 1
170 136 195 1
172 136 235 1
fl=/usr/lib/python3.11/re/__init__.py
fn=compile:225
225 13 43 3
227 13 74 5
cfl=/usr/lib/python3.11/re/__init__.py
cfn=_compile:272
calls=13 272
227 13 23152 1780
fn=_compile:272
272 13 18 1
274 13 27 2
275 3 21 7
cfl=/usr/lib/python3.11/enum.py
cfn=__get__:192
calls=3 192
275 3 46 15
276 13 24 1
277 13 30 2
278 7 13 1
279 7 11 1
280 7 15 2
285 7 40 5
cfl=/usr/lib/python3.11/re/_compiler.py
cfn=isstring:568
calls=7 568
285 7 30 4
287 7 40 5
cfl=/usr/lib/python3.11/enum.py
cfn=__and__:1515
calls=7 1515
287 7 226 32
294 7 53 7
cfl=/usr/lib/python3.11/re/_compiler.py
cfn=compile:738
calls=7 738
294 7 22264 3180
295 7 39 5
cfl=/usr/lib/python3.11/enum.py
cfn=__and__:1515
calls=7 1515
295 7 204 29
296 7 15 2
302 7 15 2
303 7 10 1
fn=escape:253
253 44 43 0
257 44 66 1
258 44 82 1
fn=_subx:315
315 8 11 1
317 8 29 3
cfl=/usr/lib/python3.11/re/__init__.py
cfn=_compile_repl:305
calls=2 305
317 2 483 241
318 8 15 1
320 4 6 1
321 4 6 1
323 4 6 1
fn=_compile_repl:305
305 2 3 1
308 2 32 16
cfl=/usr/lib/python3.11/re/_parser.py
cfn=parse_template:997
calls=2 997
308 2 447 223
fl=/usr/lib/python3.11/stringprep.py
fn=<module>:1
0 1 19 19
2 1 19 19
8 1 35 35
cfl=<frozen importlib._bootstrap>
cfn=_find_and_load:1165
calls=1 1165
8 1 470 470
10 1 11 11
12 1 10 10
19 1 14 14
20 1 10 10
24 648 4230 6
25 4 26 6
26 4 20 5
27 4 21 5
28 4 21 5
29 4 21 5
30 4 20 5
31 4 20 5
32 4 20 5
33 4 21 5
34 4 21 5
35 4 20 5
36 4 20 5
37 4 20 5
38 4 20 5
39 4 20 5
40 4 21 5
41 4 21 5
42 4 20 5
43 4 20 5
44 4 20 5
45 4 21 5
46 4 20 5
47 4 20 5
48 4 20 5
49 4 20 5
50 4 20 5
51 4 20 5
52 4 21 5
53 4 20 5
54 4 23 5
55 4 20 5
56 4 20 5
57 4 21 5
58 4 20 5
59 4 20 5
60 4 20 5
61 4 21 5
62 4 20 5
63 4 21 5
64 4 21 5
65 4 20 5
66 4 20 5
67 4 21 5
68 4 20 5
69 4 20 5
70 4 20 5
71 4 20 5
72 4 21 5
73 4 20 5
74 4 20 5
75 4 20 5
76 4 20 5
77 4 20 5
78 4 20 5
79 4 20 5
80 4 21 5
81 4 20 5
82 4 20 5
83 4 20 5
84 4 21 5
85 4 21 5
86 4 20 5
87 4 20 5
88 4 20 5
89 4 21 5
90 4 21 5
91 4 20 5
92 4 20 5
93 4 20 5
94 4 20 5
95 4 21 5
96 4 20 5
97 4 20 5
98 4 25 6
99 4 21 5
100 4 20 5
101 4 20 5
102 4 21 5
103 4 20 5
104 4 20 5
105 4 21 5
106 4 21 5
107 4 20 5
108 4 20 5
109 4 21 5
110 4 20 5
111 4 20 5
112 4 20 5
113 4 20 5
114 4 21 5
115 4 20 5
116 4 23 5
117 4 20 5
118 4 20 5
119 4 20 5
120 4 20 5
121 4 21 5
122 4 20 5
123 4 20 5
124 4 20 5
125 4 20 5
126 4 20 5
127 4 21 5
128 4 20 5
129 4 20 5
130 4 20 5
131 4 20 5
132 4 20 5
133 4 21 5
134 4 20 5
135 4 20 5
136 4 21 5
137 4 20 5
138 4 20 5
139 4 20 5
140 4 20 5
141 4 20 5
142 4 20 5
143 4 21 5
144 4 21 5
145 4 21 5
146 4 20 5
147 4 20 5
148 4 20 5
149 4 20 5
150 4 21 5
151 4 20 5
152 4 20 5
153 4 21 5
154 4 20 5
155 4 20 5
156 4 20 5
157 4 21 5
158 4 21 5
159 4 20 5
160 4 20 5
161 4 21 5
162 4 21 5
163 4 20 5
164 4 20 5
165 4 21 5
166 4 21 5
167 4 20 5
168 4 21 5
169 4 20 5
170 4 21 5
171 4 20 5
172 4 20 5
173 4 20 5
174 4 21 5
175 4 20 5
176 4 20 5
177 4 20 5
178 4 20 5
179 4 23 5
180 4 20 5
181 4 21 5
182 4 21 5
183 4 25 6
184 4 21 5
185 4 20 5
186 3 15 5
187 1 5 5
189 1 5 5
195 1 9 9
206 1 10 10
210 1 9 9
213 1 9 9
217 1 11 11
220 1 16 16
221 1 10 10
227 1 10 10
232 1 9 9
236 1 9 9
243 1 9 9
247 1 10 10
248 1 9 9
252 1 10 10
253 1 11 11
257 1 12 12
258 1 9 9
262 1 15 15
263 1 10 10
267 1 9 9
271 1 9 9
fl=/usr/lib/python3.11/smtplib.py
fn=<module>:1
0 1 35 35
3 1 23 23
44 1 15 15
45 1 13 13
46 1 13 13
47 1 13 13
48 1 13 13
49 1 48 48
cfl=<frozen importlib._bootstrap>
cfn=_find_and_load:1165
calls=1 1165
49 1 10049 10049
50 1 15 15
51 1 49 49
cfl=<frozen importlib._bootstrap>
cfn=_find_and_load:1165
calls=1 1165
51 1 12512 12512
52 1 15 15
53 1 14 14
54 1 14 14
55 1 15 15
57 1 12 12
62 1 12 12
63 1 14 14
64 1 15 15
65 1 13 13
66 1 12 12
67 1 12 12
69 1 44 44
cfl=/usr/lib/python3.11/re/__init__.py
cfn=compile:225
calls=1 225
69 1 2583 2583
72 1 56 56
cfl=/usr/lib/python3.11/smtplib.py
cfn=SMTPException:72
calls=1 72
72 1 17 17
75 1 48 48
cfl=/usr/lib/python3.11/smtplib.py
cfn=SMTPNotSupportedError:75
calls=1 75
75 1 15 15
82 1 45 45
cfl=/usr/lib/python3.11/smtplib.py
cfn=SMTPServerDisconnected:82
calls=1 82
82 1 18 18
90 1 46 46
cfl=/usr/lib/python3.11/smtplib.py
cfn=SMTPResponseException:90
calls=1 90
90 1 22 22
104 1 51 51
cfl=/usr/lib/python3.11/smtplib.py
cfn=SMTPSenderRefused:104
calls=1 104
104 1 23 23
117 1 44 44
cfl=/usr/lib/python3.11/smtplib.py
cfn=SMTPRecipientsRefused:117
calls=1 117
117 1 18 18
130 1 46 46
cfl=/usr/lib/python3.11/smtplib.py
cfn=SMTPDataError:130
calls=1 130
130 1 15 15
133 1 46 46
cfl=/usr/lib/python3.11/smtplib.py
cfn=SMTPConnectError:133
calls=1 133
133 1 15 15
136 1 43 43
cfl=/usr/lib/python3.11/smtplib.py
cfn=SMTPHeloError:136
calls=1 136
136 1 15 15
139 1 48 48
cfl=/usr/lib/python3.11/smtplib.py
cfn=SMTPAuthenticationError:139
calls=1 139
139 1 15 15
146 1 12 12
159 1 12 12
167 1 12 12
176 1 11 11
179 1 12 12
182 1 11 11
183 1 54 54
cfl=<frozen importlib._bootstrap>
cfn=_find_and_load:1165
calls=1 1165
183 1 45435 45435
187 1 16 16
190 1 68 68
cfl=/usr/lib/python3.11/smtplib.py
cfn=SMTP:190
calls=1 190
190 1 488 488
1012 1 13 13
1014 1 48 48
cfl=/usr/lib/python3.11/smtplib.py
cfn=SMTP_SSL:1014
calls=1 1014
1014 1 41 41
1061 1 13 13
1066 1 12 12
1068 1 47 47
cfl=/usr/lib/python3.11/smtplib.py
cfn=LMTP:1068
calls=1 1068
1068 1 35 35
1120 1 23 23
fn=SMTPException:72
72 2 15 7
73 1 1 1
fn=SMTPNotSupportedError:75
75 2 14 7
76 1 1 1
fn=SMTPServerDisconnected:82
82 2 16 8
83 1 1 1
fn=SMTPResponseException:90
90 2 18 9
91 1 1 1
99 1 2 2
fn=SMTPSenderRefused:104
104 2 14 7
105 1 1 1
111 1 6 6
fn=SMTPRecipientsRefused:117
117 2 14 7
118 1 1 1
125 1 2 2
fn=SMTPDataError:130
130 2 14 7
131 1 1 1
fn=SMTPConnectError:133
133 2 14 7
134 1 1 1
fn=SMTPHeloError:136
136 2 14 7
137 1 1 1
fn=SMTPAuthenticationError:139
139 2 13 6
140 1 1 1
fn=SMTP:190
190 2 27 13
191 1 4 4
219 1 8 8
221 1 8 8
222 1 8 8
223 1 7 7
224 1 10 10
225 1 8 8
226 1 7 7
227 1 8 8
229 2 16 8
230 1 8 8
231 1 7 7
277 1 5 5
280 1 7 7
290 1 8 8
299 1 10 10
305 1 8 8
315 1 7 7
348 1 8 8
367 1 7 7
380 1 8 8
429 1 10 10
435 1 47 47
445 1 10 10
496 1 8 8
500 1 7 7
506 1 8 8
511 1 8 8
523 1 7 7
527 1 7 7
548 1 8 8
556 1 7 7
585 1 10 10
590 1 8 8
592 1 8 8
599 1 8 8
616 1 8 8
664 1 8 8
673 1 7 7
678 1 7 7
686 1 8 8
752 1 10 10
808 2 16 8
809 1 7 7
912 2 19 9
913 1 7 7
989 1 5 5
1002 1 8 8
fn=__init__:229
229 1 2 2
247 1 2 2
248 1 3 3
249 1 2 2
250 1 2 2
251 1 2 2
252 1 4 4
254 1 1 1
255 1 12 12
cfl=/usr/lib/python3.11/smtplib.py
cfn=connect:315
calls=1 315
255 1 17896 17896
fn=_get_socket:305
305 1 2 2
308 1 2 2
310 1 2 2
312 2 20 10
cfl=/usr/lib/python3.11/socket.py
cfn=create_connection:809
calls=1 809
312 1 17832 17832
313 1 2 2
fn=connect:315
315 1 2 2
327 1 2 2
330 1 5 5
331 1 4 4
332 1 2 2
338 1 2 2
339 1 2 2
340 1 3 3
341 1 9 9
cfl=/usr/lib/python3.11/smtplib.py
cfn=_get_socket:305
calls=1 305
341 1 17862 17862
fn=SMTP_SSL:1014
1014 2 16 8
1015 1 1 1
1028 1 6 6
1030 2 5 2
1031 1 4 4
1032 1 2 2
1033 1 2 2
1053 1 2 2
fn=LMTP:1068
1068 2 15 7
1069 1 4 4
1082 1 2 2
1084 2 6 3
1085 1 2 2
1090 1 2 2
fl=/usr/lib/python3.11/email/headerregistry.py
fn=__getitem__:590
590 9 12 1
591 9 25 2
592 9 178 19
fn=__call__:594
594 5 6 1
604 5 58 11
cfl=/usr/lib/python3.11/email/headerregistry.py
cfn=__getitem__:590
calls=5 590
604 5 106 21
cfl=/usr/lib/python3.11/email/headerregistry.py
cfn=__new__:190
calls=5 190
604 5 3794 758
fn=__new__:190
190 5 7 1
191 5 9 1
192 5 47 9
cfl=/usr/lib/python3.11/email/headerregistry.py
cfn=parse:265
calls=1 265
192 1 386 386
cfl=/usr/lib/python3.11/email/headerregistry.py
cfn=parse:446
calls=2 446
192 2 2498 1249
cfl=/usr/lib/python3.11/email/headerregistry.py
cfn=parse:510
calls=1 510
192 1 242 242
cfl=/usr/lib/python3.11/email/headerregistry.py
cfn=parse:408
calls=1 408
192 1 294 294
193 5 27 5
cfl=/usr/lib/python3.11/email/utils.py
cfn=_has_surrogates:51
calls=5 51
193 5 30 6
195 5 12 2
196 5 8 1
197 5 41 8
cfl=/usr/lib/python3.11/email/headerregistry.py
cfn=init:200
calls=1 200
197 1 9 9
cfl=/usr/lib/python3.11/email/headerregistry.py
cfn=init:472
calls=2 472
197 2 109 54
cfl=/usr/lib/python3.11/email/headerregistry.py
cfn=init:516
calls=1 516
197 1 31 31
cfl=/usr/lib/python3.11/email/headerregistry.py
cfn=init:420
calls=1 420
197 1 28 28
198 5 7 1
fn=parse:265
265 1 3 3
267 1 14 14
cfl=/usr/lib/python3.11/email/_header_value_parser.py
cfn=get_unstructured:1087
calls=1 1087
267 1 316 316
268 1 8 8
cfl=/usr/lib/python3.11/email/_header_value_parser.py
cfn=__str__:125
calls=1 125
268 1 42 42
fn=init:200
200 5 7 1
201 5 11 2
202 5 8 1
203 5 9 1
fn=parse:446
446 2 4 2
448 2 26 13
cfl=/usr/lib/python3.11/email/_header_value_parser.py
cfn=parse_content_type_header:2621
calls=2 2621
448 2 1323 661
449 2 16 8
cfl=/usr/lib/python3.11/email/_header_value_parser.py
cfn=__str__:125
calls=2 125
449 2 485 242
450 2 13 6
cfl=/usr/lib/python3.11/email/_header_value_parser.py
cfn=all_defects:136
calls=2 136
450 2 328 164
451 2 23 11
cfl=/usr/lib/python3.11/email/_header_value_parser.py
cfn=params:813
calls=2 813
451 2 24 12
cfl=/usr/lib/python3.11/email/_header_value_parser.py
cfn=params:726
calls=1 726
451 1 3 3
455 4 16 4
cfl=/usr/lib/python3.11/email/headerregistry.py
cfn=<dictcomp>:455
calls=2 455
455 2 202 101
457 2 10 5
cfl=/usr/lib/python3.11/email/_header_value_parser.py
cfn=params:813
calls=2 813
457 2 19 9
fn=<dictcomp>:455
455 7 25 3
cfl=/usr/lib/python3.11/email/_header_value_parser.py
cfn=params:726
calls=2 726
455 2 160 80
cfl=/usr/lib/python3.11/email/utils.py
cfn=_sanitize:64
calls=1 64
455 1 5 5
456 1 4 4
cfl=/usr/lib/python3.11/email/utils.py
cfn=_sanitize:64
calls=1 64
456 1 4 4
457 1 1 1
fn=init:472
472 2 2 1
473 2 15 7
cfl=/usr/lib/python3.11/email/headerregistry.py
cfn=init:459
calls=2 459
473 2 38 19
474 2 17 8
cfl=/usr/lib/python3.11/email/utils.py
cfn=_sanitize:64
calls=2 64
474 2 15 7
475 2 10 5
cfl=/usr/lib/python3.11/email/utils.py
cfn=_sanitize:64
calls=2 64
475 2 9 4
fn=init:459
459 2 2 1
460 2 8 4
461 2 13 6
cfl=/usr/lib/python3.11/email/headerregistry.py
cfn=init:200
calls=2 200
461 2 13 6
fn=name:205
205 3 6 2
207 3 5 1
fn=parse:510
510 1 2 2
512 1 15 15
cfl=/usr/lib/python3.11/email/_header_value_parser.py
cfn=parse_content_transfer_encoding_header:2708
calls=1 2708
512 1 140 140
513 1 6 6
cfl=/usr/lib/python3.11/email/_header_value_parser.py
cfn=__str__:125
calls=1 125
513 1 34 34
514 1 6 6
cfl=/usr/lib/python3.11/email/_header_value_parser.py
cfn=all_defects:136
calls=1 136
514 1 36 36
fn=init:516
516 1 2 2
517 1 7 7
cfl=/usr/lib/python3.11/email/headerregistry.py
cfn=init:200
calls=1 200
517 1 6 6
518 1 9 9
cfl=/usr/lib/python3.11/email/utils.py
cfn=_sanitize:64
calls=1 64
518 1 5 5
fn=parse:408
408 1 2 2
410 1 25 25
cfl=/usr/lib/python3.11/email/_header_value_parser.py
cfn=parse_mime_version:2149
calls=1 2149
410 1 169 169
411 1 6 6
cfl=/usr/lib/python3.11/email/_header_value_parser.py
cfn=__str__:125
calls=1 125
411 1 27 27
412 1 6 6
cfl=/usr/lib/python3.11/email/_header_value_parser.py
cfn=all_defects:136
calls=1 136
412 1 42 42
413 1 2 2
414 1 2 2
415 1 1 1
416 1 6 6
fn=init:420
420 1 4 4
421 1 3 3
422 1 2 2
423 1 2 2
424 1 9 9
cfl=/usr/lib/python3.11/email/headerregistry.py
cfn=init:200
calls=1 200
424 1 7 7
fl=/usr/lib/python3.11/email/generator.py
fn=<module>:1
0 1 15 15
5 1 14 14
7 1 7 7
9 1 6 6
10 1 10 10
11 1 9 9
12 1 7 7
14 1 24 24
cfl=<frozen importlib._bootstrap>
cfn=_find_and_load:1165
calls=1 1165
14 1 4666 4666
15 1 22 22
cfl=<frozen io>
cfn=__getattr__:60
calls=1 60
15 1 22 22
16 1 8 8
18 1 6 6
19 1 6 6
21 1 21 21
cfl=/usr/lib/python3.11/re/__init__.py
cfn=compile:225
calls=1 225
21 1 2403 2403
22 1 20 20
cfl=/usr/lib/python3.11/re/__init__.py
cfn=compile:225
calls=1 225
22 1 1048 1048
26 1 40 40
cfl=/usr/lib/python3.11/email/generator.py
cfn=Generator:26
calls=1 26
26 1 146 146
396 1 35 35
cfl=/usr/lib/python3.11/email/generator.py
cfn=BytesGenerator:396
calls=1 396
396 1 48 48
447 1 6 6
449 1 35 35
cfl=/usr/lib/python3.11/email/generator.py
cfn=DecodedGenerator:449
calls=1 449
449 1 23 23
508 1 8 8
509 1 7 7
512 1 7 7
fn=Generator:26
26 2 14 7
27 1 2 2
36 2 9 4
37 1 4 4
68 1 3 3
72 1 4 4
121 1 4 4
141 1 4 4
145 1 10 10
149 1 4 4
165 1 5 5
204 1 4 4
224 1 4 4
234 1 4 4
256 1 4 4
258 1 4 4
316 1 4 4
327 1 6 6
348 1 5 5
373 2 13 6
374 2 7 3
391 2 8 4
392 2 7 3
fn=BytesGenerator:396
396 2 16 8
397 1 2 2
409 1 2 2
412 1 2 2
415 1 5 5
418 1 2 2
426 1 3 3
439 1 2 2
441 2 5 2
442 2 5 2
fn=DecodedGenerator:449
449 2 10 5
450 1 1 1
455 2 7 3
456 1 2 2
485 1 1 1
fl=/usr/lib/python3.11/hmac.py
fn=<module>:1
0 1 9 9
1 1 14 14
6 1 5 5
7 1 4 4
8 1 16 16
cfl=<frozen importlib._bootstrap>
cfn=_find_and_load:1165
calls=1 1165
8 1 3329 3329
14 1 5 5
15 1 5 5
17 1 14 14
cfl=<frozen importlib._bootstrap>
cfn=_find_and_load:1165
calls=1 1165
17 1 2959 2959
19 1 1212 1212
cfl=/usr/lib/python3.11/hmac.py
cfn=<genexpr>:19
calls=257 19
19 257 913 3
20 1 1217 1217
cfl=/usr/lib/python3.11/hmac.py
cfn=<genexpr>:20
calls=257 20
20 257 926 3
24 1 4 4
27 1 36 36
cfl=/usr/lib/python3.11/hmac.py
cfn=HMAC:27
calls=1 27
27 1 66 66
167 1 5 5
187 1 4 4
fn=<genexpr>:19
19 514 913 1
fn=<genexpr>:20
20 514 926 1
fn=HMAC:27
27 2 12 6
28 1 2 2
32 1 3 3
34 1 3 3
38 1 3 3
66 1 3 3
71 1 3 3
110 2 7 3
111 2 5 2
117 1 2 2
122 1 3 3
139 1 6 6
151 1 3 3
161 1 3 3
fl=<frozen zipimport>
fn=__init__:64
64 1 2 2
65 1 6 6
67 1 2 2
69 1 2 2
72 1 2 2
73 1 1 1
74 1 2 2
75 1 12 12
cfl=<frozen importlib._bootstrap_external>
cfn=_path_stat:140
calls=1 140
75 1 18 18
86 1 2 2
88 1 82 82
fl=/usr/lib/python3.11/re/_parser.py
fn=parse:970
970 7 9 1
973 7 44 6
cfl=/usr/lib/python3.11/re/_parser.py
cfn=__init__:222
calls=7 222
973 7 219 31
975 7 11 1
976 7 40 5
cfl=/usr/lib/python3.11/re/_parser.py
cfn=__init__:73
calls=7 73
976 7 72 10
977 7 11 1
978 7 11 1
980 7 48 6
cfl=/usr/lib/python3.11/re/_parser.py
cfn=_parse_sub:447
calls=7 447
980 7 10624 1517
981 7 41 5
cfl=/usr/lib/python3.11/re/_parser.py
cfn=fix_flags:954
calls=7 954
981 7 72 10
983 7 11 1
987 7 14 2
992 7 11 1
995 7 13 1
fn=__init__:222
222 9 15 1
223 9 20 2
224 9 14 1
225 9 14 1
227 9 13 1
228 9 14 1
229 9 12 1
230 9 52 5
cfl=/usr/lib/python3.11/re/_parser.py
cfn=__next:231
calls=9 231
230 9 122 13
fn=__next:231
231 142 152 1
232 142 209 1
233 142 193 1
234 142 229 1
235 11 18 1
236 11 19 1
237 11 17 1
238 131 188 1
239 18 29 1
240 18 30 1
241 18 32 1
245 131 188 1
246 131 195 1
fn=__init__:73
73 7 8 1
74 7 12 1
75 7 13 1
76 7 11 1
77 7 13 1
78 7 12 1
fn=_parse_sub:447
447 12 23 1
450 12 21 1
451 12 21 1
452 12 19 1
453 12 59 4
cfl=/usr/lib/python3.11/re/_parser.py
cfn=tell:284
calls=12 284
453 12 40 3
454 20 32 1
455 40 218 5
cfl=/usr/lib/python3.11/re/_parser.py
cfn=_parse:507
calls=20 507
455 20 10059 502
456 20 32 1
457 20 96 4
cfl=/usr/lib/python3.11/re/_parser.py
cfn=match:247
calls=20 247
457 20 220 11
458 12 18 1
459 8 12 1
460 2 5 2
462 12 22 1
463 9 14 1
465 3 15 5
cfl=/usr/lib/python3.11/re/_parser.py
cfn=__init__:109
calls=3 109
465 3 25 8
468 3 5 1
469 3 5 1
470 7 12 1
471 7 31 4
cfl=/usr/lib/python3.11/re/_parser.py
cfn=__len__:158
calls=7 158
471 7 19 2
473 7 13 1
474 3 15 5
cfl=/usr/lib/python3.11/re/_parser.py
cfn=__getitem__:162
calls=3 162
474 3 13 4
475 4 18 4
cfl=/usr/lib/python3.11/re/_parser.py
cfn=__getitem__:162
calls=4 162
475 4 16 4
476 3 4 1
484 3 5 1
487 3 5 1
488 3 5 1
489 3 14 4
cfl=/usr/lib/python3.11/re/_parser.py
cfn=__len__:158
calls=3 158
489 3 8 2
490 3 5 1
504 3 17 5
cfl=/usr/lib/python3.11/re/_parser.py
cfn=append:170
calls=3 170
504 3 9 3
505 3 5 1
fn=tell:284
284 29 44 1
285 29 56 1
fn=_parse:507
507 20 42 2
509 20 131 6
cfl=/usr/lib/python3.11/re/_parser.py
cfn=__init__:109
calls=20 109
509 20 191 9
512 20 43 2
513 20 42 2
514 20 41 2
515 20 51 2
516 20 41 2
518 66 145 2
520 66 134 2
521 66 127 1
522 7 13 1
523 59 117 1
524 13 24 1
525 46 266 5
cfl=/usr/lib/python3.11/re/_parser.py
cfn=get:252
calls=46 252
525 46 879 19
527 46 91 1
538 46 95 2
539 10 118 11
cfl=/usr/lib/python3.11/re/_parser.py
cfn=_escape:367
calls=10 367
539 10 97 9
540 10 64 6
cfl=/usr/lib/python3.11/re/_parser.py
cfn=append:170
calls=10 170
540 10 34 3
542 36 71 1
543 17 101 5
cfl=/usr/lib/python3.11/re/_parser.py
cfn=append:170
calls=17 170
543 17 57 3
545 19 41 2
546 10 59 5
cfl=/usr/lib/python3.11/re/_parser.py
cfn=tell:284
calls=10 284
546 10 33 3
548 10 21 2
549 10 21 2
552 10 21 2
558 10 60 6
cfl=/usr/lib/python3.11/re/_parser.py
cfn=match:247
calls=10 247
558 10 44 4
560 36 74 2
561 36 211 5
cfl=/usr/lib/python3.11/re/_parser.py
cfn=get:252
calls=36 252
561 36 718 19
562 36 72 2
565 36 75 2
566 10 18 1
567 26 54 2
568 5 53 10
cfl=/usr/lib/python3.11/re/_parser.py
cfn=_class_escape:307
calls=5 307
568 5 150 30
570 21 41 1
581 21 45 2
582 26 153 5
cfl=/usr/lib/python3.11/re/_parser.py
cfn=match:247
calls=26 247
582 26 227 8
584 8 47 5
cfl=/usr/lib/python3.11/re/_parser.py
cfn=get:252
calls=8 252
584 8 142 17
585 8 18 2
588 8 17 2
594 8 17 2
597 8 15 1
604 8 18 2
605 8 19 2
608 8 16 2
609 8 18 2
610 8 17 2
613 8 19 2
615 18 36 2
617 18 39 2
619 10 65 6
cfl=/usr/lib/python3.11/re/_parser.py
cfn=_uniq:444
calls=10 444
619 10 48 4
621 10 25 2
628 10 21 2
632 10 65 6
cfl=/usr/lib/python3.11/re/_parser.py
cfn=append:170
calls=10 170
632 10 34 3
634 9 19 2
636 2 12 6
cfl=/usr/lib/python3.11/re/_parser.py
cfn=tell:284
calls=2 284
636 2 7 3
637 2 5 2
639 2 7 3
640 1 3 3
642 1 2 2
643 1 3 3
677 2 16 8
cfl=/usr/lib/python3.11/re/_parser.py
cfn=__len__:158
calls=2 158
677 2 8 4
678 2 16 8
cfl=/usr/lib/python3.11/re/_parser.py
cfn=__getitem__:162
calls=2 162
678 2 33 16
681 2 23 11
cfl=/usr/lib/python3.11/re/_parser.py
cfn=__len__:158
calls=2 158
681 2 6 3
cfl=/usr/lib/python3.11/re/_parser.py
cfn=__getitem__:162
calls=2 162
681 2 10 5
684 2 14 7
cfl=/usr/lib/python3.11/re/_parser.py
cfn=__getitem__:162
calls=2 162
684 2 9 4
687 2 14 7
cfl=/usr/lib/python3.11/re/_parser.py
cfn=__getitem__:162
calls=2 162
687 2 9 4
691 2 13 6
cfl=/usr/lib/python3.11/re/_parser.py
cfn=match:247
calls=2 247
691 2 9 4
694 2 13 6
cfl=/usr/lib/python3.11/re/_parser.py
cfn=match:247
calls=2 247
694 2 9 4
699 2 16 8
cfl=/usr/lib/python3.11/re/_parser.py
cfn=__setitem__:166
calls=2 166
699 2 8 4
701 7 15 2
702 1 7 7
cfl=/usr/lib/python3.11/re/_parser.py
cfn=append:170
calls=1 170
702 1 3 3
704 6 13 2
705 5 30 6
cfl=/usr/lib/python3.11/re/_parser.py
cfn=tell:284
calls=5 284
705 5 19 3
706 5 12 2
707 5 11 2
708 5 10 2
709 5 11 2
710 5 10 2
711 5 33 6
cfl=/usr/lib/python3.11/re/_parser.py
cfn=match:247
calls=5 247
711 5 67 13
713 3 19 6
cfl=/usr/lib/python3.11/re/_parser.py
cfn=get:252
calls=3 252
713 3 53 17
714 3 8 2
716 3 7 2
718 3 22 7
cfl=/usr/lib/python3.11/re/_parser.py
cfn=match:247
calls=3 247
718 3 54 18
720 3 24 8
cfl=/usr/lib/python3.11/re/_parser.py
cfn=getuntil:265
calls=3 265
720 3 166 55
721 3 24 8
cfl=/usr/lib/python3.11/re/_parser.py
cfn=checkgroupname:295
calls=3 295
721 3 18 6
854 5 12 2
855 5 13 2
856 5 38 7
cfl=/usr/lib/python3.11/re/_parser.py
cfn=opengroup:82
calls=5 82
856 5 137 27
861 5 13 2
863 5 36 7
cfl=/usr/lib/python3.11/re/_parser.py
cfn=_parse_sub:447
calls=5 447
863 5 5146 1029
864 5 33 6
cfl=/usr/lib/python3.11/re/_parser.py
cfn=match:247
calls=5 247
864 5 98 19
867 5 10 2
868 5 35 7
cfl=/usr/lib/python3.11/re/_parser.py
cfn=closegroup:94
calls=5 94
868 5 523 104
869 5 11 2
873 5 650 130
cfl=/usr/lib/python3.11/re/_parser.py
cfn=append:170
calls=5 170
873 5 18 3
875 1 3 3
876 1 8 8
cfl=/usr/lib/python3.11/re/_parser.py
cfn=append:170
calls=1 170
876 1 3 3
885 64 247 3
cfl=/usr/lib/python3.11/re/_parser.py
cfn=__len__:158
calls=20 158
885 20 70 3
886 44 275 6
cfl=/usr/lib/python3.11/re/_parser.py
cfn=__getitem__:162
calls=44 162
886 44 216 4
887 44 93 2
888 5 10 2
889 5 11 2
892 20 39 1
fn=__init__:109
109 25 47 1
110 25 40 1
111 25 37 1
112 23 33 1
113 25 37 1
114 25 36 1
fn=get:252
252 100 158 1
253 100 149 1
254 100 436 4
cfl=/usr/lib/python3.11/re/_parser.py
cfn=__next:231
calls=100 231
254 100 1041 10
255 100 145 1
fn=_escape:367
367 10 21 2
369 10 25 2
370 10 16 1
371 6 9 1
372 4 10 2
373 4 6 1
374 4 7 1
fn=append:170
170 47 75 1
171 47 86 1
fn=__len__:158
158 39 60 1
159 39 69 1
fn=__getitem__:162
162 110 160 1
163 110 194 1
164 2 10 5
cfl=/usr/lib/python3.11/re/_parser.py
cfn=__init__:109
calls=2 109
164 2 14 7
165 108 179 1
fn=match:247
247 73 106 1
248 73 120 1
249 27 122 4
cfl=/usr/lib/python3.11/re/_parser.py
cfn=__next:231
calls=27 231
249 27 276 10
250 27 39 1
251 46 66 1
fn=fix_flags:954
954 7 10 1
956 7 16 2
957 7 11 1
959 7 10 1
960 7 12 1
968 7 9 1
fn=getwidth:172
172 30 48 1
174 30 48 1
175 5 7 1
176 25 39 1
177 74 118 1
178 49 72 1
179 3 5 1
180 3 5 1
181 14 21 1
182 11 54 4
cfl=/usr/lib/python3.11/re/_parser.py
cfn=getwidth:172
calls=11 172
182 11 329 29
183 11 20 1
184 11 19 1
185 3 4 1
186 3 5 1
187 46 65 1
191 46 66 1
192 5 27 5
cfl=/usr/lib/python3.11/re/_parser.py
cfn=getwidth:172
calls=5 172
192 5 20 4
193 5 8 1
194 5 8 1
195 41 62 1
196 2 11 5
cfl=/usr/lib/python3.11/re/_parser.py
cfn=getwidth:172
calls=2 172
196 2 44 22
197 2 5 2
198 2 4 2
199 39 59 1
200 38 56 1
201 38 56 1
202 1 1 1
206 1 2 2
216 1 4 4
218 25 59 2
219 25 38 1
fn=groups:79
79 24 32 1
81 24 41 1
fn=opengroup:82
82 5 10 2
83 5 32 6
cfl=/usr/lib/python3.11/re/_parser.py
cfn=groups:79
calls=5 79
83 5 15 3
84 5 10 2
85 5 23 4
cfl=/usr/lib/python3.11/re/_parser.py
cfn=groups:79
calls=5 79
85 5 13 2
87 5 7 1
88 3 5 1
89 3 5 1
92 3 5 1
93 5 7 1
fn=__setitem__:166
166 2 4 2
167 2 4 2
fn=closegroup:94
94 5 8 1
95 5 27 5
cfl=/usr/lib/python3.11/re/_parser.py
cfn=getwidth:172
calls=5 172
95 5 486 97
fn=_class_escape:307
307 5 14 2
309 5 14 2
310 5 10 2
311 1 2 2
312 4 9 2
313 4 12 3
315 4 12 3
316 4 9 2
317 4 7 1
323 4 5 1
329 4 7 1
337 4 6 1
349 4 7 1
357 4 7 1
359 4 8 2
360 4 6 1
362 4 7 1
fn=_uniq:444
444 10 17 1
445 10 31 3
fn=parse_template:997
997 2 5 2
1000 2 14 7
cfl=/usr/lib/python3.11/re/_parser.py
cfn=__init__:222
calls=2 222
1000 2 61 30
1001 2 5 2
1002 2 4 2
1003 2 3 1
1004 2 4 2
1005 2 4 2
1006 2 4 2
1014 2 4 2
1015 7 18 2
1016 7 41 5
cfl=/usr/lib/python3.11/re/_parser.py
cfn=get:252
calls=7 252
1016 7 137 19
1017 7 13 1
1018 2 3 1
1019 5 10 2
1021 3 6 2
1022 3 6 2
1052 3 5 1
1058 3 7 2
1059 1 1 1
1060 1 3 3
1071 1 4 4
1072 1 13 13
cfl=/usr/lib/python3.11/re/_parser.py
cfn=addgroup:1006
calls=1 1006
1072 1 20 20
1074 2 6 3
1075 2 6 3
1079 2 5 2
1081 2 3 1
1082 2 4 2
1083 1 2 2
1084 2 6 3
1088 2 4 2
fn=addgroup:1006
1006 1 6 6
1007 1 2 2
1009 1 2 2
1010 1 2 2
1011 1 2 2
1012 1 2 2
1013 1 2 2
fn=getuntil:265
265 3 6 2
266 3 5 1
267 6 10 1
268 6 9 1
269 6 32 5
cfl=/usr/lib/python3.11/re/_parser.py
cfn=__next:231
calls=6 231
269 6 63 10
270 6 9 1
275 6 9 1
276 3 4 1
278 3 4 1
279 3 5 1
280 3 5 1
fn=checkgroupname:295
295 3 6 2
296 3 6 2
299 3 5 1
fl=/usr/lib/python3.11/locale.py
fn=getlocale:593
593 3 12 4
606 3 17 5
607 3 5 1
609 3 20 6
cfl=/usr/lib/python3.11/locale.py
cfn=_parse_localename:479
calls=3 479
609 3 142 47
fn=_parse_localename:479
479 3 6 2
493 3 27 9
cfl=/usr/lib/python3.11/locale.py
cfn=normalize:396
calls=3 396
493 3 86 28
494 3 5 1
503 3 5 1
505 3 5 1
506 3 5 1
fn=normalize:396
396 3 8 2
413 3 7 2
414 3 7 2
417 3 5 1
420 3 5 1
421 3 5 1
424 3 4 1
425 3 5 1
428 3 4 1
429 3 5 1
433 3 4 1
434 3 4 1
436 3 7 2
437 3 6 2
438 3 5 1
fl=/usr/lib/python3.11/collections/__init__.py
fn=namedtuple:348
348 2 38 19
374 2 12 6
375 2 9 4
376 2 9 4
377 2 9 4
379 2 5 2
389 14 31 2
390 12 26 2
392 12 26 2
395 12 27 2
399 2 4 2
400 12 26 2
401 10 25 2
404 10 20 2
406 10 23 2
408 2 4 2
409 2 5 2
417 2 10 5
418 2 5 2
419 2 6 3
420 2 5 2
422 2 58 29
cfl=/usr/lib/python3.11/collections/__init__.py
cfn=<genexpr>:422
calls=12 422
422 12 42 3
423 2 6 3
424 2 6 3
428 2 5 2
429 2 7 3
430 2 5 2
431 2 5 2
433 2 5 2
434 2 153 76
cfl=<string>
cfn=<module>:1
calls=1 1
434 1 12 12
cfl=<string>_0
cfn=<module>:1
calls=1 1
434 1 12 12
435 2 6 3
436 2 6 3
437 2 5 2
440 4 23 5
441 4 10 2
447 2 5 2
450 2 5 2
456 2 5 2
459 2 5 2
463 2 5 2
467 2 4 2
472 14 30 2
473 2 5 2
474 2 4 2
475 2 8 4
476 2 4 2
477 2 5 2
478 2 4 2
480 12 28 2
484 2 8 4
485 2 4 2
486 2 5 2
487 2 5 2
488 2 5 2
489 2 4 2
490 2 5 2
491 2 6 3
492 2 5 2
493 2 4 2
494 2 5 2
495 2 4 2
497 12 28 2
498 10 26 2
499 10 23 2
501 2 31 15
508 2 6 3
509 2 5 2
510 2 6 3
513 2 5 2
514 2 5 2
516 2 7 3
fn=<genexpr>:422
422 24 42 1
fl=/usr/lib/python3.11/re/_compiler.py
fn=isstring:568
568 14 18 1
569 14 32 2
fn=compile:738
738 7 9 1
741 7 35 5
cfl=/usr/lib/python3.11/re/_compiler.py
cfn=isstring:568
calls=7 568
741 7 21 3
742 7 11 1
743 7 44 6
cfl=/usr/lib/python3.11/re/_parser.py
cfn=parse:970
calls=7 970
743 7 11258 1608
747 7 38 5
cfl=/usr/lib/python3.11/re/_compiler.py
cfn=_code:571
calls=7 571
747 7 10602 1514
749 7 12 1
754 7 12 1
755 7 45 6
cfl=/usr/lib/python3.11/re/_parser.py
cfn=groups:79
calls=7 79
755 7 23 3
756 10 23 2
757 3 4 1
759 14 35 2
760 7 16 2
761 7 32 4
cfl=/usr/lib/python3.11/re/_parser.py
cfn=groups:79
calls=7 79
761 7 21 3
762 7 14 2
fn=_code:571
571 7 10 1
573 7 13 1
574 7 13 1
577 7 44 6
cfl=/usr/lib/python3.11/re/_compiler.py
cfn=_compile_info:509
calls=7 509
577 7 4377 625
580 7 67 9
cfl=/usr/lib/python3.11/re/_compiler.py
cfn=_compile:37
calls=7 37
580 7 6050 864
582 7 14 2
584 7 12 1
fn=_compile_info:509
509 7 12 1
513 7 43 6
cfl=/usr/lib/python3.11/re/_parser.py
cfn=getwidth:172
calls=7 172
513 7 525 75
514 7 14 2
516 7 13 1
520 7 14 2
521 7 10 1
522 7 11 1
523 7 12 1
525 7 42 6
cfl=/usr/lib/python3.11/re/_compiler.py
cfn=_get_literal_prefix:434
calls=7 434
525 7 303 43
527 7 12 1
528 7 48 6
cfl=/usr/lib/python3.11/re/_compiler.py
cfn=_get_charset_prefix:465
calls=7 465
528 7 384 54
534 7 13 1
535 7 15 2
536 7 14 2
538 7 10 1
539 7 11 1
543 7 10 1
544 4 7 1
545 7 10 1
547 7 13 1
548 7 11 1
552 7 16 2
554 7 10 1
562 7 10 1
563 4 41 10
cfl=/usr/lib/python3.11/re/_compiler.py
cfn=_optimize_charset:241
calls=4 241
563 4 2541 635
564 4 7 1
565 4 30 7
cfl=/usr/lib/python3.11/re/_compiler.py
cfn=_compile_charset:214
calls=4 214
565 4 133 33
566 7 14 2
fn=_get_literal_prefix:434
434 9 13 1
436 9 15 1
437 9 17 1
438 9 14 1
439 9 45 5
cfl=/usr/lib/python3.11/re/_compiler.py
cfn=_get_iscased:426
calls=9 426
439 9 51 5
440 9 19 2
441 9 14 1
442 1 1 1
443 1 2 2
445 8 12 1
446 2 3 1
447 2 12 6
cfl=/usr/lib/python3.11/re/_compiler.py
cfn=_combine_flags:31
calls=2 31
447 2 10 5
448 2 3 1
450 2 12 6
cfl=/usr/lib/python3.11/re/_compiler.py
cfn=_get_literal_prefix:434
calls=2 434
450 2 46 23
451 2 3 1
452 2 3 1
453 2 8 4
456 2 4 2
457 2 3 1
458 2 3 1
460 6 9 1
463 9 16 1
fn=_get_iscased:426
426 16 22 1
427 16 33 2
428 11 19 1
429 5 7 1
430 5 8 1
fn=_get_charset_prefix:465
465 7 8 1
466 9 17 1
467 9 15 1
469 9 14 1
470 9 19 2
471 7 18 2
472 2 2 1
473 2 10 5
cfl=/usr/lib/python3.11/re/_compiler.py
cfn=_combine_flags:31
calls=2 31
473 2 9 4
474 2 6 3
477 7 46 6
cfl=/usr/lib/python3.11/re/_compiler.py
cfn=_get_iscased:426
calls=7 426
477 7 39 5
478 7 15 2
479 1 1 1
480 1 4 4
482 6 11 1
483 1 4 4
484 1 6 6
485 4 16 4
486 3 17 5
cfl=/usr/lib/python3.11/re/_parser.py
cfn=__len__:158
calls=3 158
486 3 10 3
488 3 16 5
cfl=/usr/lib/python3.11/re/_parser.py
cfn=__getitem__:162
calls=3 162
488 3 14 4
489 3 6 2
490 3 5 1
493 1 1 1
494 5 7 1
495 3 4 1
496 3 5 1
497 2 6 3
498 1 3 3
501 1 1 1
506 3 4 1
507 2 3 1
fn=_optimize_charset:241
241 20 31 1
243 20 35 1
244 20 31 1
245 20 37 1
246 20 30 1
247 74 125 1
248 56 79 1
249 56 80 1
250 56 86 1
251 41 58 1
260 41 69 1
261 15 22 1
262 8 16 2
263 8 14 1
264 8 13 1
265 60 96 1
266 52 79 1
267 52 80 1
273 8 11 1
274 8 17 2
278 7 12 1
281 7 13 1
282 2 3 1
283 2 5 2
285 2 75 37
286 2 5 2
304 54 78 1
307 20 29 1
308 20 32 1
309 38 59 1
310 38 76 2
311 38 66 1
312 16 22 1
313 22 37 1
314 4 7 1
315 4 7 1
316 18 31 1
317 18 28 1
320 18 33 1
321 20 31 1
323 26 48 1
324 10 16 1
325 2 4 2
327 8 15 1
328 16 28 1
330 16 30 1
331 1 2 2
333 15 23 1
336 4 7 1
337 2 13 6
cfl=/usr/lib/python3.11/re/_compiler.py
cfn=_mk_bitmap:384
calls=2 384
337 2 118 59
338 2 5 2
339 2 6 3
340 2 4 2
362 2 49 24
363 2 5 2
364 2 5 2
365 2 3 1
366 2 4 2
367 514 793 1
368 512 841 1
369 512 836 1
370 504 825 1
372 8 18 2
373 8 13 1
374 8 18 2
375 2 14 7
cfl=/usr/lib/python3.11/re/_compiler.py
cfn=_mk_bitmap:384
calls=2 384
375 2 324 162
376 2 19 9
cfl=/usr/lib/python3.11/re/_compiler.py
cfn=_bytes_to_codes:389
calls=2 389
376 2 33 16
377 2 5 2
378 2 4 2
379 2 3 1
fn=_compile_charset:214
214 20 31 1
216 20 33 1
217 41 110 2
218 21 33 1
219 21 33 1
221 21 29 1
222 2 3 1
223 19 28 1
224 8 12 1
225 8 13 1
226 11 16 1
227 2 4 2
228 9 13 1
229 2 3 1
230 7 14 2
231 7 10 1
233 7 10 1
234 7 12 1
239 20 32 1
fn=_compile:37
37 25 42 1
39 25 45 1
40 25 43 1
41 25 43 1
42 25 42 1
43 25 41 1
44 25 40 1
45 25 39 1
46 25 40 1
47 25 39 1
48 25 47 1
49 15 25 1
50 15 26 1
51 15 33 2
52 15 29 1
56 74 314 4
cfl=/usr/lib/python3.11/re/_parser.py
cfn=__getitem__:162
calls=46 162
56 46 226 4
57 49 121 2
58 21 35 1
59 9 16 1
60 9 15 1
61 12 19 1
64 12 22 1
65 8 12 1
66 8 15 1
68 4 7 1
69 4 7 1
72 4 7 1
73 4 7 1
74 4 8 2
85 28 47 1
86 16 100 6
cfl=/usr/lib/python3.11/re/_compiler.py
cfn=_optimize_charset:241
calls=16 241
86 16 3282 205
87 16 31 1
89 16 31 1
90 16 29 1
95 16 32 2
96 16 86 5
cfl=/usr/lib/python3.11/re/_compiler.py
cfn=_compile_charset:214
calls=16 214
96 16 315 19
97 16 32 2
98 12 20 1
99 1 1 1
102 1 2 2
103 11 19 1
104 2 3 1
106 2 15 7
cfl=/usr/lib/python3.11/re/_compiler.py
cfn=_simple:396
calls=2 396
106 2 49 24
107 2 4 2
108 2 7 3
109 2 5 2
110 2 3 1
111 2 14 7
cfl=/usr/lib/python3.11/re/_compiler.py
cfn=_compile:37
calls=2 37
111 2 195 97
112 2 4 2
113 2 4 2
122 9 15 1
123 5 8 1
124 5 9 1
125 5 13 2
126 5 10 2
128 5 53 10
cfl=/usr/lib/python3.11/re/_compiler.py
cfn=_combine_flags:31
calls=5 31
128 5 31 6
cfl=/usr/lib/python3.11/re/_compiler.py
cfn=_compile:37
calls=5 37
128 5 1176 235
129 5 9 1
130 5 9 1
131 5 10 2
132 4 7 1
143 4 7 1
145 4 6 1
158 4 7 1
159 1 1 1
160 1 3 3
161 1 5 5
162 1 2 2
164 1 2 2
165 1 2 2
166 1 2 2
167 3 5 1
168 3 5 1
169 3 8 2
170 3 5 1
171 14 25 1
172 11 21 1
174 11 67 6
cfl=/usr/lib/python3.11/re/_compiler.py
cfn=_compile:37
calls=11 37
174 11 1812 164
175 11 20 1
176 11 22 2
177 11 20 1
178 3 5 1
179 14 28 2
180 11 18 1
fn=_combine_flags:31
31 9 19 2
33 9 15 1
35 9 16 1
fn=_simple:396
396 2 4 2
398 2 11 5
cfl=/usr/lib/python3.11/re/_parser.py
cfn=__len__:158
calls=2 158
398 2 6 3
400 2 10 5
cfl=/usr/lib/python3.11/re/_parser.py
cfn=__getitem__:162
calls=2 162
400 2 9 4
401 2 3 1
403 2 4 2
fn=_mk_bitmap:384
384 4 12 3
385 4 15 3
386 8 34 4
cfl=/usr/lib/python3.11/re/_compiler.py
cfn=<listcomp>:386
calls=4 386
386 4 370 92
387 4 10 2
fn=<listcomp>:386
386 168 264 1
387 80 105 1
fn=_bytes_to_codes:389
389 2 4 2
391 2 7 3
392 2 4 2
393 2 4 2
394 2 12 6
fl=<frozen io>
fn=__getattr__:60
60 1 8 8
61 1 6 6
73 1 6 6
fl=/usr/lib/python3.11/encodings/idna.py
fn=<module>:1
0 1 9 9
3 1 26 26
cfl=<frozen importlib._bootstrap>
cfn=_find_and_load:1165
calls=1 1165
3 1 10347 10347
4 1 8 8
7 1 16 16
cfl=/usr/lib/python3.11/re/__init__.py
cfn=compile:225
calls=1 225
7 1 5069 5069
10 1 6 6
11 1 4 4
14 1 5 5
60 1 4 4
103 1 4 4
144 1 31 31
cfl=/usr/lib/python3.11/encodings/idna.py
cfn=Codec:144
calls=1 144
144 1 13 13
216 1 30 30
cfl=/usr/lib/python3.11/encodings/idna.py
cfn=IncrementalEncoder:216
calls=1 216
216 1 12 12
251 1 28 28
cfl=/usr/lib/python3.11/encodings/idna.py
cfn=IncrementalDecoder:251
calls=1 251
251 1 9 9
290 1 29 29
cfl=/usr/lib/python3.11/encodings/idna.py
cfn=StreamWriter:290
calls=1 290
290 1 8 8
293 1 27 27
cfl=/usr/lib/python3.11/encodings/idna.py
cfn=StreamReader:293
calls=1 293
293 1 7 7
298 1 4 4
fn=Codec:144
144 2 8 4
145 1 2 2
182 1 2 2
fn=encode:145
145 1 2 2
147 1 2 2
151 1 2 2
154 1 1 1
155 1 2 2
160 1 2 2
161 1 43 43
164 1 3 3
166 1 2 2
fn=IncrementalEncoder:216
216 2 10 5
217 1 2 2
fn=IncrementalDecoder:251
251 2 7 3
252 1 1 1
fn=StreamWriter:290
290 2 6 3
291 1 1 1
fn=StreamReader:293
293 2 6 3
294 1 1 1
fn=getregentry:298
298 1 2 2
299 2 15 7
cfl=<frozen codecs>
cfn=__new__:94
calls=1 94
299 1 30 30
300 1 5 5
301 1 3 3
302 1 2 2
303 1 2 2
304 1 2 2
305 1 1 1
306 1 2 2
fl=/usr/lib/python3.11/email/contentmanager.py
fn=set_content:30
30 1 4 4
31 1 11 11
cfl=/usr/lib/python3.11/email/message.py
cfn=get_content_maintype:615
calls=1 615
31 1 61 61
35 1 9 9
cfl=/usr/lib/python3.11/email/contentmanager.py
cfn=_find_set_handler:39
calls=1 39
35 1 14 14
36 1 7 7
cfl=/usr/lib/python3.11/email/message.py
cfn=clear_content:1189
calls=1 1189
36 1 25 25
37 1 9 9
cfl=/usr/lib/python3.11/email/contentmanager.py
cfn=set_text_content:183
calls=1 183
37 1 3957 3957
fn=_find_set_handler:39
39 1 2 2
40 1 2 2
41 1 5 5
42 1 2 2
43 1 2 2
fn=set_text_content:183
183 1 2 2
186 1 11 11
cfl=/usr/lib/python3.11/email/contentmanager.py
cfn=_prepare_set:97
calls=1 97
186 1 897 897
187 1 17 17
cfl=/usr/lib/python3.11/email/contentmanager.py
cfn=_encode_text:144
calls=1 144
187 1 108 108
188 1 8 8
cfl=/usr/lib/python3.11/email/message.py
cfn=set_payload:330
calls=1 330
188 1 14 14
189 2 17 8
cfl=/usr/lib/python3.11/email/message.py
cfn=set_param:728
calls=1 728
189 1 2428 2428
190 1 4 4
191 1 2 2
192 1 6 6
cfl=/usr/lib/python3.11/email/message.py
cfn=__setitem__:420
calls=1 420
192 1 416 416
193 1 10 10
cfl=/usr/lib/python3.11/email/contentmanager.py
cfn=_finalize_set:114
calls=1 114
193 1 12 12
fn=_prepare_set:97
97 1 2 2
98 1 8 8
cfl=/usr/lib/python3.11/email/message.py
cfn=__setitem__:420
calls=1 420
98 1 884 884
99 1 2 2
fn=_encode_text:144
144 1 3 3
145 1 10 10
146 1 3 3
147 1 2 2
148 1 2 2
149 1 2 2
151 1 34 34
cfl=/usr/lib/python3.11/email/contentmanager.py
cfn=<genexpr>:151
calls=9 151
151 9 27 3
152 1 2 2
153 1 8 8
cfl=/usr/lib/python3.11/email/contentmanager.py
cfn=normal_body:148
calls=1 148
153 1 10 10
fn=normal_body:148
148 2 10 5
fn=<genexpr>:151
151 18 27 1
fn=_finalize_set:114
114 1 2 2
115 1 2 2
117 1 2 2
119 1 1 1
124 1 2 2
126 1 1 1
fl=/usr/lib/python3.11/socket.py
fn=create_connection:809
809 1 5 5
825 1 6 6
826 1 2 2
827 2 14 7
cfl=/usr/lib/python3.11/socket.py
cfn=getaddrinfo:945
calls=1 945
827 1 17632 17632
828 1 2 2
829 1 1 1
830 1 2 2
831 1 9 9
cfl=/usr/lib/python3.11/socket.py
cfn=__init__:220
calls=1 220
831 1 34 34
832 1 2 2
834 1 2 2
836 1 48 48
841 1 4 4
842 1 2 2
843 1 2 2
844 1 5 5
845 1 2 2
846 1 10 10
cfl=/usr/lib/python3.11/socket.py
cfn=close:499
calls=1 499
846 1 27 27
848 1 2 2
849 1 3 3
850 1 1 1
851 1 3 3
855 1 2 2
fn=getaddrinfo:945
945 1 2 2
961 1 2 2
962 2 177 88
cfl=/usr/lib/python3.11/encodings/__init__.py
cfn=search_function:71
calls=1 71
962 1 17301 17301
cfl=/usr/lib/python3.11/encodings/idna.py
cfn=encode:145
calls=1 145
962 1 65 65
963 1 6 6
964 2 11 5
cfl=/usr/lib/python3.11/socket.py
cfn=_intenum_converter:99
calls=1 99
964 1 34 34
965 1 6 6
cfl=/usr/lib/python3.11/socket.py
cfn=_intenum_converter:99
calls=1 99
965 1 21 21
966 1 2 2
967 1 1 1
fn=_intenum_converter:99
99 2 4 2
104 2 6 3
105 2 12 6
cfl=/usr/lib/python3.11/enum.py
cfn=__call__:685
calls=2 685
105 2 32 16
fn=__init__:220
220 1 2 2
225 1 2 2
226 1 1 1
228 1 2 2
230 1 6 6
232 1 12 12
233 1 3 3
234 1 2 2
fn=close:499
499 1 2 2
501 1 2 2
502 1 2 2
503 1 8 8
cfl=/usr/lib/python3.11/socket.py
cfn=_real_close:495
calls=1 495
503 1 11 11
fn=_real_close:495
495 1 1 1
497 1 9 9
fl=/usr/lib/python3.11/email/utils.py
fn=_has_surrogates:51
51 15 22 1
56 15 26 1
57 15 30 2
58 15 22 1
fn=_sanitize:64
64 7 12 1
69 7 14 2
70 7 14 2
fn=decode_params:260
260 1 3 3
265 1 3 3
269 1 2 2
270 1 3 3
281 1 2 2
306 1 4 4
fl=<string>_0
fn=<module>:1
0 1 4 4
1 1 7 7
fn=<lambda>:1
1 8 16 2
fl=<string>
fn=<module>:1
0 1 5 5
1 1 7 7
fl=/usr/lib/python3.11/email/message.py
fn=__init__:974
974 1 2 2
975 1 6 6
976 1 5 5
977 1 2 2
978 1 9 9
cfl=/usr/lib/python3.11/email/message.py
cfn=__init__:150
calls=1 150
978 1 25 25
fn=__init__:150
150 1 2 2
151 1 2 2
152 1 2 2
153 1 2 2
154 1 2 2
155 1 4 4
157 1 2 2
158 1 2 2
160 1 4 4
fn=__setitem__:420
420 4 10 2
426 4 28 7
cfl=/usr/lib/python3.11/email/policy.py
cfn=header_max_count:100
calls=4 100
426 4 151 37
427 4 7 1
428 4 6 1
429 4 7 1
430 10 20 2
431 6 13 2
436 4 28 7
cfl=/usr/lib/python3.11/email/policy.py
cfn=header_store_parse:131
calls=4 131
436 4 2084 521
fn=set_content:1197
1197 1 2 2
1198 1 10 10
cfl=/usr/lib/python3.11/email/message.py
cfn=set_content:1125
calls=1 1125
1198 1 4126 4126
1199 1 6 6
cfl=/usr/lib/python3.11/email/message.py
cfn=__contains__:450
calls=1 450
1199 1 16 16
1200 1 6 6
cfl=/usr/lib/python3.11/email/message.py
cfn=__setitem__:420
calls=1 420
1200 1 466 466
fn=set_content:1125
1125 1 1 1
1126 1 2 2
1127 1 2 2
1128 1 19 19
cfl=/usr/lib/python3.11/email/contentmanager.py
cfn=set_content:30
calls=1 30
1128 1 4100 4100
fn=get_content_maintype:615
615 1 2 2
621 1 8 8
cfl=/usr/lib/python3.11/email/message.py
cfn=get_content_type:591
calls=1 591
621 1 47 47
622 1 3 3
fn=get_content_type:591
591 1 2 2
604 1 2 2
605 1 8 8
cfl=/usr/lib/python3.11/email/message.py
cfn=get:489
calls=1 489
605 1 20 20
606 1 2 2
608 1 6 6
cfl=/usr/lib/python3.11/email/message.py
cfn=get_default_type:633
calls=1 633
608 1 4 4
fn=get:489
489 4 9 2
495 4 8 2
496 8 16 2
497 7 16 2
498 3 16 5
cfl=/usr/lib/python3.11/email/policy.py
cfn=header_fetch_parse:150
calls=3 150
498 3 51 17
499 1 1 1
fn=get_default_type:633
633 1 1 1
640 1 2 2
fn=clear_content:1189
1189 1 1 1
1190 1 7 7
cfl=/usr/lib/python3.11/email/message.py
cfn=<listcomp>:1190
calls=1 1190
1190 1 13 13
1192 1 2 2
fn=<listcomp>:1190
1190 4 10 2
1191 1 2 2
fn=set_payload:330
330 1 2 2
336 1 2 2
337 1 2 2
338 1 4 4
339 1 2 2
fn=set_param:728
728 1 3 3
746 1 3 3
749 1 7 7
cfl=/usr/lib/python3.11/email/message.py
cfn=__contains__:450
calls=1 450
749 1 17 17
752 1 7 7
cfl=/usr/lib/python3.11/email/message.py
cfn=get:489
calls=1 489
752 1 45 45
753 1 8 8
cfl=/usr/lib/python3.11/email/message.py
cfn=get_param:694
calls=1 694
753 1 257 257
754 1 2 2
757 2 5 2
758 1 10 10
cfl=/usr/lib/python3.11/email/message.py
cfn=_formatparam:39
calls=1 39
758 1 38 38
772 1 6 6
cfl=/usr/lib/python3.11/email/message.py
cfn=get:489
calls=1 489
772 1 27 27
773 1 2 2
774 1 14 14
cfl=/usr/lib/python3.11/email/message.py
cfn=replace_header:572
calls=1 572
774 1 1970 1970
fn=__contains__:450
450 3 5 1
451 3 19 6
cfl=/usr/lib/python3.11/email/message.py
cfn=<listcomp>:451
calls=3 451
451 3 23 7
fn=<listcomp>:451
451 13 23 1
fn=get_param:694
694 1 2 2
718 1 5 5
cfl=/usr/lib/python3.11/email/message.py
cfn=__contains__:450
calls=1 450
718 1 13 13
720 2 12 6
cfl=/usr/lib/python3.11/email/message.py
cfn=_get_params_preserve:651
calls=1 651
720 1 216 216
721 1 4 4
726 1 1 1
fn=_get_params_preserve:651
651 1 1 1
654 1 2 2
655 1 8 8
cfl=/usr/lib/python3.11/email/message.py
cfn=get:489
calls=1 489
655 1 27 27
656 1 2 2
658 1 2 2
659 2 15 7
cfl=/usr/lib/python3.11/email/message.py
cfn=_parseparam:73
calls=1 73
659 1 99 99
660 1 2 2
661 1 7 7
664 1 2 2
666 1 2 2
667 1 2 2
668 1 2 2
669 1 13 13
cfl=/usr/lib/python3.11/email/utils.py
cfn=decode_params:260
calls=1 260
669 1 19 19
670 1 5 5
fn=_parseparam:73
73 1 5 5
75 1 8 8
76 1 10 10
77 2 15 7
78 1 5 5
79 1 6 6
80 1 5 5
82 1 4 4
83 1 5 5
84 1 5 5
85 1 10 10
88 1 6 6
89 1 5 5
90 1 2 2
fn=_formatparam:39
39 1 2 2
48 1 3 3
52 1 2 2
58 1 2 2
59 1 5 5
66 1 2 2
67 1 9 9
cfl=/usr/lib/python3.11/email/_parseaddr.py
cfn=quote:201
calls=1 201
67 1 11 11
fn=replace_header:572
572 1 2 2
579 1 2 2
580 2 7 3
581 2 3 1
582 1 6 6
cfl=/usr/lib/python3.11/email/policy.py
cfn=header_store_parse:131
calls=1 131
582 1 1944 1944
583 1 3 3
fl=/usr/lib/python3.11/encodings/__init__.py
fn=search_function:71
71 1 3 3
74 1 8 8
75 1 2 2
85 1 10 10
cfl=/usr/lib/python3.11/encodings/__init__.py
cfn=normalize_encoding:43
calls=1 43
85 1 61 61
86 2 5 2
87 1 2 2
88 1 1 1
92 1 4 4
93 1 2 2
94 1 2 2
96 1 2 2
99 2 20 10
cfl=<frozen importlib._bootstrap>
cfn=_find_and_load:1165
calls=1 1165
99 1 17063 17063
100 1 2 2
106 1 2 2
110 1 2 2
111 1 2 2
116 1 2 2
122 1 8 8
cfl=/usr/lib/python3.11/encodings/idna.py
cfn=getregentry:298
calls=1 298
122 1 67 67
123 1 3 3
139 1 2 2
143 1 2 2
144 1 4 4
145 1 2 2
146 1 2 2
153 1 4 4
fn=normalize_encoding:43
43 1 2 2
55 1 2 2
58 1 4 4
59 1 2 2
60 5 14 2
61 4 8 2
62 4 5 1
64 4 7 1
65 4 6 1
66 4 6 1
69 1 1 1
fl=/usr/lib/python3.11/enum.py
fn=__and__:1515
1515 14 18 1
1516 14 34 2
1518 14 29 2
1519 14 21 1
1522 14 21 1
1523 14 79 5
cfl=/usr/lib/python3.11/enum.py
cfn=__call__:685
calls=14 685
1523 14 226 16
fn=__call__:685
685 16 21 1
710 16 29 1
711 16 95 5
cfl=/usr/lib/python3.11/enum.py
cfn=__new__:1091
calls=16 1091
711 16 111 6
fn=__new__:1091
1091 16 24 1
1095 16 31 1
1100 16 24 1
1101 16 31 1
fn=__get__:192
192 4 26 6
193 4 9 2
194 1 1 1
195 1 4 4
201 3 5 1
210 3 18 6
cfl=/usr/lib/python3.11/enum.py
cfn=value:1243
calls=3 1243
210 3 11 3
fn=value:1243
1243 3 4 1
1246 3 6 2
fn=_convert_:890
890 6 80 13
899 6 18 3
900 6 12 2
901 6 12 2
907 12 54 4
cfl=/usr/lib/python3.11/enum.py
cfn=<listcomp>:907
calls=6 907
907 6 8452 1408
909 6 13 2
911 6 10 1
913 6 232 38
cfl=/usr/lib/python3.11/enum.py
cfn=<lambda>:913
calls=67 913
913 67 184 2
917 6 35 5
cfl=/usr/lib/python3.11/enum.py
cfn=<dictcomp>:917
calls=6 917
917 6 126 21
918 6 11 1
919 6 76 12
920 6 105 17
cfl=/usr/lib/python3.11/enum.py
cfn=_simple_enum:1641
calls=6 1641
920 6 47 7
cfl=/usr/lib/python3.11/enum.py
cfn=convert_class:1657
calls=6 1657
920 6 11260 1876
921 6 33 5
cfl=/usr/lib/python3.11/enum.py
cfn=__setattr__:825
calls=6 825
921 6 43 7
922 6 11 1
925 6 58 9
cfl=/usr/lib/python3.11/enum.py
cfn=__members__:803
calls=6 803
925 6 21 3
926 6 12 2
927 6 11 1
fn=<listcomp>:907
907 1615 2246 1
908 67 91 1
909 768 1067 1
910 768 3083 4
cfl=/usr/lib/python3.11/ssl.py
cfn=<lambda>:125
calls=128 125
910 128 354 2
cfl=/usr/lib/python3.11/ssl.py
cfn=<lambda>:130
calls=128 130
910 128 321 2
cfl=/usr/lib/python3.11/ssl.py
cfn=<lambda>:135
calls=128 135
910 128 308 2
cfl=/usr/lib/python3.11/ssl.py
cfn=<lambda>:140
calls=128 140
910 128 316 2
cfl=/usr/lib/python3.11/ssl.py
cfn=<lambda>:145
calls=128 145
910 128 319 2
cfl=/usr/lib/python3.11/ssl.py
cfn=<lambda>:150
calls=128 150
910 128 344 2
fn=<lambda>:913
913 134 184 1
fn=<dictcomp>:917
917 79 126 1
fn=_simple_enum:1641
1641 10 75 7
1657 10 26 2
1803 10 19 1
fn=convert_class:1657
1657 10 65 6
1659 10 25 2
1660 10 19 1
1661 10 27 2
1662 10 26 2
1663 10 19 1
1666 10 21 2
1667 10 18 1
1668 10 18 1
1669 10 19 1
1671 10 19 1
1672 10 19 1
1673 10 21 2
1674 10 19 1
1675 10 20 2
1676 10 21 2
1677 10 22 2
1678 10 20 2
1679 10 21 2
1680 10 25 2
1681 2 4 2
1682 2 9 4
1683 2 5 2
1684 2 4 2
1685 2 6 3
1686 2 6 3
1687 2 4 2
1688 2 5 2
1689 2 5 2
1690 2 5 2
1691 2 7 3
1692 2 5 2
1693 186 360 1
1694 176 319 1
1695 20 33 1
1696 156 2203 14
cfl=/usr/lib/python3.11/enum.py
cfn=_is_dunder:47
calls=156 47
1696 156 1279 8
cfl=/usr/lib/python3.11/enum.py
cfn=_is_private:78
calls=136 78
1696 136 1453 10
cfl=/usr/lib/python3.11/enum.py
cfn=_is_sunder:58
calls=136 58
1696 136 977 7
cfl=/usr/lib/python3.11/enum.py
cfn=_is_descriptor:37
calls=136 37
1696 136 1129 8
1697 20 42 2
1699 136 255 1
1700 10 23 2
1701 7 14 2
1707 10 115 11
cfl=/usr/lib/python3.11/enum.py
cfn=__new__:496
calls=10 496
1707 10 262 26
1708 50 100 2
1709 40 72 1
1711 40 90 2
1712 40 87 2
1713 40 82 2
1714 40 79 1
1715 40 77 1
1716 10 63 6
cfl=/usr/lib/python3.11/enum.py
cfn=__setattr__:825
calls=10 825
1716 10 84 8
1717 10 16 1
1718 10 27 2
1720 2 3 1
1721 24 51 2
1722 22 47 2
1724 22 41 1
1726 2 13 6
cfl=/usr/lib/python3.11/types.py
cfn=__init__:164
calls=2 164
1726 2 22 11
1727 2 16 8
cfl=/usr/lib/python3.11/enum.py
cfn=__set_name__:228
calls=2 228
1727 2 9 4
1728 2 12 6
cfl=/usr/lib/python3.11/enum.py
cfn=__setattr__:825
calls=2 825
1728 2 14 7
1729 2 5 2
1732 20 36 1
1733 20 38 1
1734 20 37 1
1735 20 45 2
1736 20 38 1
1739 20 35 1
1740 20 42 2
1741 20 39 1
1742 20 41 2
1743 20 113 5
cfl=/usr/lib/python3.11/enum.py
cfn=__init__:1142
calls=20 1142
1743 20 62 3
1744 20 116 5
cfl=/usr/lib/python3.11/types.py
cfn=__init__:164
calls=20 164
1744 20 213 10
1745 20 108 5
cfl=/usr/lib/python3.11/enum.py
cfn=__set_name__:228
calls=20 228
1745 20 90 4
1746 20 111 5
cfl=/usr/lib/python3.11/enum.py
cfn=__setattr__:825
calls=20 825
1746 20 138 6
1747 20 41 2
1748 20 44 2
1749 20 41 2
1750 20 107 5
cfl=/usr/lib/python3.11/enum.py
cfn=_is_single_bit:92
calls=20 92
1750 20 119 5
1752 16 32 2
1753 16 30 1
1755 4 9 2
1756 20 40 2
1757 2 12 6
cfl=/usr/lib/python3.11/enum.py
cfn=__setattr__:825
calls=2 825
1757 2 13 6
1758 2 13 6
cfl=/usr/lib/python3.11/enum.py
cfn=__setattr__:825
calls=2 825
1758 2 13 6
1759 2 15 7
cfl=/usr/lib/python3.11/enum.py
cfn=__setattr__:825
calls=2 825
1759 2 13 6
1761 2 26 13
cfl=/usr/lib/python3.11/enum.py
cfn=__iter__:791
calls=2 791
1761 2 11 5
cfl=/usr/lib/python3.11/enum.py
cfn=<listcomp>:1761
calls=2 1761
1761 2 129 64
1762 2 7 3
1766 122 230 1
1767 114 219 1
1771 114 203 1
1779 114 195 1
1780 114 216 1
1781 114 201 1
1782 114 241 2
1783 114 219 1
1786 114 198 1
1787 114 239 2
1788 114 209 1
1789 114 225 1
1790 114 627 5
cfl=/usr/lib/python3.11/enum.py
cfn=__init__:1142
calls=114 1142
1790 114 335 2
1791 114 241 2
1792 114 622 5
cfl=/usr/lib/python3.11/types.py
cfn=__init__:164
calls=114 164
1792 114 1220 10
1793 114 603 5
cfl=/usr/lib/python3.11/enum.py
cfn=__set_name__:228
calls=114 228
1793 114 561 4
1794 114 618 5
cfl=/usr/lib/python3.11/enum.py
cfn=__setattr__:825
calls=114 825
1794 114 797 6
1795 114 228 2
1796 114 213 1
1797 114 223 1
1798 114 213 1
1799 10 19 1
1801 10 59 5
cfl=/usr/lib/python3.11/enum.py
cfn=__setattr__:825
calls=10 825
1801 10 72 7
1802 10 19 1
fn=_is_dunder:47
47 164 226 1
51 164 225 1
52 352 540 1
53 164 300 1
54 24 34 1
55 24 35 1
fn=_is_private:78
78 284 405 1
80 142 221 1
81 142 214 1
83 233 337 1
84 91 148 1
90 142 196 1
fn=_is_sunder:58
58 142 193 1
62 142 192 1
63 288 415 1
64 142 228 1
65 4 6 1
66 1 1 1
fn=_is_descriptor:37
37 138 186 1
41 138 182 1
42 276 394 1
43 138 194 1
44 138 189 1
fn=__new__:496
496 11 51 4
502 11 25 2
503 10 211 21
506 1 2 2
507 1 6 6
508 2 6 3
509 1 5 5
512 1 1 1
515 1 4 4
516 1 2 2
522 1 2 2
524 1 5 5
527 1 8 8
cfl=/usr/lib/python3.11/enum.py
cfn=_get_mixins_:939
calls=1 939
527 1 92 92
528 2 15 7
cfl=/usr/lib/python3.11/enum.py
cfn=_find_new_:1004
calls=1 1004
528 1 119 119
529 1 3 3
531 1 8 8
532 1 3 3
535 3 8 2
536 2 5 2
537 2 16 8
cfl=/usr/lib/python3.11/enum.py
cfn=__init__:238
calls=2 238
537 2 9 4
540 1 1 1
541 1 3 3
542 1 5 5
543 1 3 3
544 1 2 2
546 1 10 10
cfl=/usr/lib/python3.11/enum.py
cfn=_find_data_repr_:961
calls=1 961
546 1 21 21
549 1 5 5
550 1 6 6
551 1 10 10
cfl=/usr/lib/python3.11/enum.py
cfn=__getattr__:769
calls=1 769
551 1 24 24
553 1 3 3
554 1 3 3
555 1 2 2
556 1 2 2
557 1 2 2
558 1 2 2
559 1 52 52
cfl=/usr/lib/python3.11/enum.py
cfn=__set_name__:241
calls=2 241
559 2 382 191
564 1 3 3
568 1 6 6
576 1 3 3
593 5 12 2
594 4 8 2
596 4 10 2
597 4 10 2
598 4 10 2
599 4 9 2
600 4 9 2
601 1 8 8
cfl=/usr/lib/python3.11/enum.py
cfn=__setattr__:825
calls=1 825
601 1 9 9
604 1 2 2
617 1 3 3
620 1 2 2
622 1 8 8
cfl=/usr/lib/python3.11/enum.py
cfn=__setattr__:825
calls=1 825
622 1 7 7
633 1 3 3
639 1 5 5
640 1 3 3
642 1 8 8
cfl=/usr/lib/python3.11/enum.py
cfn=__delattr__:744
calls=1 744
642 1 7 7
643 1 7 7
cfl=/usr/lib/python3.11/enum.py
cfn=__delattr__:744
calls=1 744
643 1 5 5
644 1 7 7
cfl=/usr/lib/python3.11/enum.py
cfn=__delattr__:744
calls=1 744
644 1 5 5
645 1 7 7
cfl=/usr/lib/python3.11/enum.py
cfn=__delattr__:744
calls=1 744
645 1 5 5
646 1 7 7
cfl=/usr/lib/python3.11/enum.py
cfn=__delattr__:744
calls=1 744
646 1 5 5
660 1 3 3
677 1 3 3
fn=__setattr__:825
825 173 265 1
833 173 351 2
834 173 266 1
836 173 366 2
fn=__init__:1142
1142 136 200 1
1143 136 207 1
fn=__set_name__:228
228 136 193 1
229 136 200 1
230 136 267 1
fn=__members__:803
803 7 28 4
811 7 15 2
fn=_is_single_bit:92
92 20 29 1
96 20 32 1
97 2 3 1
98 18 27 1
99 18 26 1
fn=__iter__:791
791 2 5 2
795 2 5 2
fn=<genexpr>:795
795 36 47 1
fn=<listcomp>:1761
1761 20 81 4
cfl=/usr/lib/python3.11/enum.py
cfn=<genexpr>:795
calls=18 795
1761 18 47 2
fn=__getattr__:769
769 3 25 8
778 3 20 6
cfl=/usr/lib/python3.11/enum.py
cfn=_is_dunder:47
calls=3 47
778 3 31 10
779 1 2 2
780 2 3 1
781 2 5 2
782 2 3 1
783 2 8 4
fn=__prepare__:481
481 1 20 20
484 1 10 10
cfl=/usr/lib/python3.11/enum.py
cfn=_check_for_existing_members_:929
calls=1 929
484 1 39 39
486 1 8 8
cfl=/usr/lib/python3.11/enum.py
cfn=__init__:357
calls=1 357
486 1 13 13
487 1 2 2
489 1 8 8
cfl=/usr/lib/python3.11/enum.py
cfn=_get_mixins_:939
calls=1 939
489 1 117 117
490 1 2 2
491 2 25 12
cfl=/usr/lib/python3.11/enum.py
cfn=__setitem__:364
calls=1 364
491 1 141 141
492 1 2 2
494 1 1 1
fn=_check_for_existing_members_:929
929 3 5 1
931 9 14 1
932 24 39 1
933 18 34 1
fn=__init__:357
357 1 1 1
358 1 2 2
359 1 2 2
360 1 2 2
361 1 1 1
362 1 2 2
fn=_get_mixins_:939
939 2 5 2
947 2 3 1
950 2 11 5
cfl=/usr/lib/python3.11/enum.py
cfn=_check_for_existing_members_:929
calls=2 929
950 2 54 27
954 2 5 2
955 2 4 2
958 2 15 7
cfl=/usr/lib/python3.11/enum.py
cfn=_find_data_type_:975
calls=2 975
958 2 105 52
959 2 4 2
fn=_find_data_type_:975
975 2 3 1
978 2 4 2
979 2 3 1
980 6 9 1
981 4 6 1
982 8 13 1
983 6 11 1
984 6 9 1
985 2 3 1
986 4 6 1
987 2 3 1
990 2 4 2
991 2 3 1
993 2 5 2
994 2 4 2
997 2 3 1
999 2 3 1
1000 2 4 2
fn=__setitem__:364
364 6 14 2
373 6 84 14
cfl=/usr/lib/python3.11/enum.py
cfn=_is_internal_class:69
calls=6 69
373 6 33 5
381 6 33 5
cfl=/usr/lib/python3.11/enum.py
cfn=_is_private:78
calls=6 78
381 6 69 11
384 6 32 5
cfl=/usr/lib/python3.11/enum.py
cfn=_is_sunder:58
calls=6 58
384 6 60 10
385 1 2 2
394 1 2 2
396 1 5 5
398 1 4 4
399 1 3 3
412 5 26 5
cfl=/usr/lib/python3.11/enum.py
cfn=_is_dunder:47
calls=5 47
412 5 51 10
413 3 6 2
415 2 3 1
418 2 4 2
420 2 4 2
423 2 11 5
cfl=/usr/lib/python3.11/enum.py
cfn=_is_descriptor:37
calls=2 37
423 2 18 9
430 2 5 2
433 2 7 3
436 2 4 2
437 2 4 2
438 2 4 2
441 2 4 2
460 2 4 2
461 2 3 1
462 2 5 2
463 6 18 3
fn=_is_internal_class:69
69 6 10 1
71 6 11 1
72 6 10 1
fn=_find_new_:1004
1004 1 3 3
1016 1 2 2
1019 1 2 2
1021 1 2 2
1024 2 6 3
1025 4 6 1
1026 3 15 5
cfl=/usr/lib/python3.11/enum.py
cfn=__getattr__:769
calls=1 769
1026 1 25 25
1027 6 11 1
1028 3 7 2
1029 3 5 1
1030 3 5 1
1031 3 5 1
1033 1 1 1
1034 1 2 2
1035 2 6 3
1036 1 1 1
1043 1 3 3
1046 1 1 1
1047 1 2 2
fn=__init__:238
238 2 4 2
239 2 4 2
fn=_find_data_repr_:961
961 1 2 2
963 1 1 1
964 2 4 2
965 2 3 1
967 2 3 1
970 2 4 2
972 1 1 1
fn=__set_name__:241
241 2 6 3
246 2 16 8
cfl=/usr/lib/python3.11/enum.py
cfn=__delattr__:744
calls=2 744
246 2 16 8
248 2 6 3
249 2 4 2
250 2 4 2
253 2 15 7
255 2 4 2
258 2 14 7
cfl=/usr/lib/python3.11/ssl.py
cfn=__new__:461
calls=2 461
258 2 41 20
259 2 5 2
260 2 4 2
263 2 3 1
264 2 12 6
cfl=/usr/lib/python3.11/ssl.py
cfn=__new__:461
calls=2 461
264 2 26 13
271 2 4 2
272 2 4 2
273 2 6 3
274 2 12 6
cfl=/usr/lib/python3.11/enum.py
cfn=__init__:1142
calls=2 1142
274 2 10 5
275 2 5 2
277 2 5 2
285 2 3 1
286 2 3 1
288 2 5 2
289 2 5 2
296 2 4 2
300 4 7 1
301 2 4 2
304 2 4 2
313 2 4 2
314 12 24 2
315 10 20 2
316 10 17 1
327 2 2 1
337 2 12 6
cfl=/usr/lib/python3.11/enum.py
cfn=__setattr__:825
calls=2 825
337 2 15 7
339 2 5 2
340 2 3 1
344 2 5 2
fn=__delattr__:744
744 7 12 1
747 7 13 1
749 7 19 2
fl=/usr/lib/python3.11/copy.py
fn=<module>:1
0 1 8 8
1 1 11 11
51 1 5 5
52 1 4 4
53 1 7 7
55 1 30 30
cfl=/usr/lib/python3.11/copy.py
cfn=Error:55
calls=1 55
55 1 8 8
57 1 4 4
59 1 3 3
60 1 14 14
cfl=<frozen importlib._bootstrap>
cfn=_find_and_load:1165
calls=1 1165
60 1 2478 2478
61 1 5 5
62 1 5 5
64 1 4 4
66 1 4 4
105 1 4 4
107 1 3 3
109 20 50 2
110 1 4 4
111 1 4 4
112 1 6 6
113 18 46 2
114 1 2 2
115 1 4 4
116 1 3 3
118 1 4 4
119 1 4 4
120 1 4 4
121 1 4 4
123 1 3 3
126 1 4 4
128 1 7 7
180 1 6 6
182 1 4 4
184 1 4 4
185 1 3 3
186 1 3 3
187 1 3 3
188 1 3 3
189 1 4 4
190 1 3 3
191 1 4 4
192 1 3 3
193 1 4 4
194 1 15 15
195 1 4 4
196 1 4 4
197 1 3 3
198 1 3 3
199 1 3 3
201 1 4 4
208 1 3 3
210 1 4 4
225 1 3 3
227 1 3 3
233 1 5 5
234 1 3 3
237 1 3 3
239 1 3 3
241 1 3 3
243 1 3 3
259 2 7 3
260 1 3 3
261 1 3 3
304 1 2 2
fn=Error:55
55 2 6 3
56 1 1 1
fl=/usr/lib/python3.11/ssl.py
fn=<module>:1
0 1 60 60
4 1 35 35
94 1 26 26
95 1 23 23
96 1 66 66
cfl=<frozen importlib._bootstrap>
cfn=_handle_fromlist:1207
calls=1 1207
96 1 91 91
97 1 25 25
98 1 25 25
100 1 71 71
cfl=<frozen importlib._bootstrap>
cfn=_find_and_load:1165
calls=1 1165
100 1 2828 2828
102 1 29 29
103 1 25 25
104 1 24 24
108 1 22 22
109 1 21 21
110 1 20 20
111 1 27 27
112 1 23 23
114 1 23 23
117 1 24 24
121 1 22 22
123 2 97 48
cfl=/usr/lib/python3.11/enum.py
cfn=_convert_:890
calls=1 890
123 1 3012 3012
124 1 20 20
125 1 20 20
126 1 21 21
128 2 79 39
cfl=/usr/lib/python3.11/enum.py
cfn=_convert_:890
calls=1 890
128 1 4291 4291
129 1 22 22
130 1 21 21
131 1 20 20
133 2 79 39
cfl=/usr/lib/python3.11/enum.py
cfn=_convert_:890
calls=1 890
133 1 5586 5586
134 1 22 22
135 1 21 21
136 1 20 20
138 2 84 42
cfl=/usr/lib/python3.11/enum.py
cfn=_convert_:890
calls=1 890
138 1 2964 2964
139 1 22 22
140 1 21 21
141 1 20 20
143 2 78 39
cfl=/usr/lib/python3.11/enum.py
cfn=_convert_:890
calls=1 890
143 1 2914 2914
144 1 23 23
145 1 21 21
146 1 20 20
148 2 78 39
cfl=/usr/lib/python3.11/enum.py
cfn=_convert_:890
calls=1 890
148 1 2158 2158
149 1 22 22
150 1 21 21
151 1 20 20
153 1 81 81
cfl=/usr/lib/python3.11/enum.py
cfn=__get__:192
calls=1 192
153 1 30 30
cfl=/usr/lib/python3.11/enum.py
cfn=__setattr__:825
calls=1 825
153 1 27 27
154 1 86 86
cfl=/usr/lib/python3.11/enum.py
cfn=__members__:803
calls=1 803
154 1 22 22
cfl=/usr/lib/python3.11/ssl.py
cfn=<dictcomp>:154
calls=1 154
154 1 33 33
156 1 58 58
cfl=/usr/lib/python3.11/enum.py
cfn=__getattr__:769
calls=1 769
156 1 51 51
159 2 117 58
cfl=/usr/lib/python3.11/enum.py
cfn=_simple_enum:1641
calls=1 1641
159 1 25 25
cfl=/usr/lib/python3.11/enum.py
cfn=convert_class:1657
calls=1 1657
159 1 1183 1183
160 2 76 38
cfl=/usr/lib/python3.11/ssl.py
cfn=TLSVersion:159
calls=1 159
160 1 40 40
170 2 108 54
cfl=/usr/lib/python3.11/enum.py
cfn=_simple_enum:1641
calls=1 1641
170 1 16 16
cfl=/usr/lib/python3.11/enum.py
cfn=convert_class:1657
calls=1 1657
170 1 1038 1038
171 2 81 40
cfl=/usr/lib/python3.11/ssl.py
cfn=_TLSContentType:170
calls=1 170
171 1 38 38
185 2 110 55
cfl=/usr/lib/python3.11/enum.py
cfn=_simple_enum:1641
calls=1 1641
185 1 15 15
cfl=/usr/lib/python3.11/enum.py
cfn=convert_class:1657
calls=1 1657
185 1 4727 4727
186 2 82 41
cfl=/usr/lib/python3.11/ssl.py
cfn=_TLSAlertType:185
calls=1 185
186 1 128 128
227 2 113 56
cfl=/usr/lib/python3.11/enum.py
cfn=_simple_enum:1641
calls=1 1641
227 1 16 16
cfl=/usr/lib/python3.11/enum.py
cfn=convert_class:1657
calls=1 1657
227 1 3138 3138
228 2 82 41
cfl=/usr/lib/python3.11/ssl.py
cfn=_TLSMessageType:227
calls=1 227
228 1 135 135
257 1 12 12
260 1 28 28
261 1 24 24
262 1 20 20
263 1 21 21
264 1 20 20
265 1 20 20
268 1 23 23
270 1 20 20
272 1 20 20
275 1 20 20
277 1 20 20
280 1 20 20
329 1 20 20
364 1 19 19
376 1 20 20
438 2 102 51
cfl=/usr/lib/python3.11/collections/__init__.py
cfn=namedtuple:348
calls=1 348
438 1 637 637
439 1 21 21
442 1 12 12
456 1 118 118
cfl=/usr/lib/python3.11/collections/__init__.py
cfn=namedtuple:348
calls=1 348
456 1 402 402
cfl=/usr/lib/python3.11/ssl.py
cfn=_ASN1Object:456
calls=1 456
456 1 58 58
477 1 155 155
cfl=/usr/lib/python3.11/enum.py
cfn=__prepare__:481
calls=1 481
477 1 395 395
cfl=/usr/lib/python3.11/ssl.py
cfn=Purpose:477
calls=1 477
477 1 451 451
cfl=/usr/lib/python3.11/enum.py
cfn=__new__:496
calls=1 496
477 1 1116 1116
484 1 85 85
cfl=/usr/lib/python3.11/ssl.py
cfn=SSLContext:484
calls=1 484
484 1 461 461
745 2 42 21
746 1 20 20
783 2 34 17
784 1 19 19
785 1 20 20
786 1 22 22
838 1 10 10
842 1 20 20
845 1 72 72
cfl=/usr/lib/python3.11/ssl.py
cfn=SSLObject:845
calls=1 845
845 1 226 226
1000 1 20 20
1006 1 91 91
cfl=/usr/lib/python3.11/ssl.py
cfn=SSLSocket:1006
calls=1 1006
1006 1 960 960
1418 1 21 21
1419 1 20 20
1422 2 39 19
1423 1 22 22
1424 1 19 19
1425 1 20 20
1426 1 20 20
1427 1 19 19
1454 1 10 10
1484 1 20 20
1485 1 22 22
1487 1 19 19
1497 1 22 22
1510 2 39 19
1511 1 20 20
1532 1 10 10
fn=<lambda>:125
125 256 354 1
fn=<lambda>:130
130 256 321 1
fn=<lambda>:135
135 256 308 1
fn=<lambda>:140
140 256 316 1
fn=<lambda>:145
145 256 319 1
fn=<lambda>:150
150 256 344 1
fn=<dictcomp>:154
154 8 33 4
fn=TLSVersion:159
159 2 23 11
161 1 2 2
162 1 2 2
163 1 2 2
164 1 2 2
165 1 2 2
166 1 1 1
167 1 2 2
fn=_TLSContentType:170
170 2 23 11
172 1 1 1
176 1 2 2
177 1 2 2
178 1 2 2
179 1 2 2
181 1 2 2
182 1 1 1
fn=_TLSAlertType:185
185 2 23 11
187 1 1 1
191 1 3 3
192 1 2 2
193 1 15 15
194 1 3 3
195 1 2 2
196 1 2 2
197 1 2 2
198 1 2 2
199 1 2 2
200 1 4 4
201 1 2 2
202 1 2 2
203 1 2 2
204 1 2 2
205 1 2 2
206 1 4 4
207 1 2 2
208 1 2 2
209 1 2 2
210 1 2 2
211 1 3 3
212 1 4 4
213 1 2 2
214 1 2 2
215 1 2 2
216 1 2 2
217 1 2 2
218 1 4 4
219 1 2 2
220 1 2 2
221 1 2 2
222 1 1 1
223 1 2 2
224 1 2 2
fn=_TLSMessageType:227
227 2 23 11
229 1 1 1
233 1 2 2
234 1 2 2
235 1 2 2
236 1 4 4
237 1 2 2
238 1 2 2
239 1 1 1
240 1 2 2
241 1 2 2
242 1 1 1
243 1 2 2
244 1 4 4
245 1 2 2
246 1 52 52
247 1 3 3
248 1 2 2
249 1 4 4
250 1 2 2
251 1 2 2
252 1 2 2
253 1 2 2
254 1 2 2
fn=_ASN1Object:456
456 2 27 13
457 1 2 2
459 1 5 5
461 1 2 2
464 2 6 3
465 2 4 2
470 2 4 2
471 2 4 2
fn=__new__:461
461 4 6 1
462 4 44 11
cfl=<string>_0
cfn=<lambda>:1
calls=4 1
462 4 16 4
fn=Purpose:477
477 2 36 18
cfl=/usr/lib/python3.11/enum.py
cfn=__setitem__:364
calls=2 364
477 2 139 69
478 1 6 6
cfl=/usr/lib/python3.11/enum.py
cfn=__setitem__:364
calls=1 364
478 1 59 59
480 1 7 7
cfl=/usr/lib/python3.11/enum.py
cfn=__setitem__:364
calls=1 364
480 1 105 105
481 1 7 7
cfl=/usr/lib/python3.11/enum.py
cfn=__setitem__:364
calls=1 364
481 1 89 89
fn=SSLContext:484
484 2 31 15
485 1 6 6
487 1 5 5
489 1 7 7
490 1 5 5
492 1 5 5
503 1 5 5
511 2 10 5
512 1 5 5
513 1 5 5
514 1 5 5
527 2 13 6
528 1 5 5
537 1 3 3
553 1 7 7
566 1 7 7
577 1 5 5
591 1 5 5
599 1 5 5
600 2 11 5
601 2 8 4
604 2 9 4
605 2 9 4
610 2 8 4
611 2 10 5
614 2 9 4
615 2 10 5
618 2 8 4
619 2 8 4
622 2 11 5
623 2 43 21
626 1 3 3
627 2 12 6
628 2 8 4
632 2 8 4
633 2 8 4
643 2 8 4
644 2 8 4
682 2 8 4
683 2 8 4
720 2 8 4
721 2 8 4
724 2 10 5
725 2 9 4
728 2 8 4
729 2 8 4
732 2 8 4
733 2 8 4
740 2 8 4
741 2 8 4
fn=SSLObject:845
845 2 27 13
846 1 2 2
860 1 4 4
866 2 8 4
867 3 15 5
868 1 3 3
878 2 6 3
879 2 9 4
883 2 6 3
884 2 7 3
887 2 6 3
888 2 6 3
892 2 6 3
893 2 6 3
896 2 6 3
897 2 6 3
901 2 6 3
902 2 8 4
906 2 6 3
907 2 6 3
912 1 2 2
924 1 4 4
932 1 4 4
941 1 4 4
951 1 3 3
957 1 4 4
962 1 10 10
968 1 4 4
973 1 4 4
977 1 4 4
981 1 3 3
985 1 6 6
991 1 4 4
996 1 4 4
fn=_sslcopydoc:1000
1000 15 59 3
1002 15 33 2
1003 15 26 1
fn=SSLSocket:1006
1006 2 33 16
1007 1 4 4
1011 1 7 7
1018 2 12 6
1019 3 18 6
1020 1 6 6
1021 1 6 6
1081 2 8 4
1082 2 29 14
cfl=/usr/lib/python3.11/ssl.py
cfn=_sslcopydoc:1000
calls=1 1000
1082 1 15 15
1083 2 11 5
1086 2 11 5
1087 2 11 5
1091 2 8 4
1092 2 25 12
cfl=/usr/lib/python3.11/ssl.py
cfn=_sslcopydoc:1000
calls=1 1000
1092 1 8 8
1093 2 11 5
1097 2 11 5
1098 2 10 5
1103 2 8 4
1104 2 26 13
cfl=/usr/lib/python3.11/ssl.py
cfn=_sslcopydoc:1000
calls=1 1000
1104 1 7 7
1105 2 10 5
1109 1 4 4
1113 1 7 7
1117 1 7 7
1125 1 7 7
1146 1 6 6
1155 2 26 13
cfl=/usr/lib/python3.11/ssl.py
cfn=_sslcopydoc:1000
calls=1 1000
1155 1 7 7
1156 2 11 5
1161 2 24 12
cfl=/usr/lib/python3.11/ssl.py
cfn=_sslcopydoc:1000
calls=1 1000
1161 1 7 7
1162 2 10 5
1171 2 21 10
cfl=/usr/lib/python3.11/ssl.py
cfn=_sslcopydoc:1000
calls=1 1000
1171 1 7 7
1172 2 10 5
1179 2 23 11
cfl=/usr/lib/python3.11/ssl.py
cfn=_sslcopydoc:1000
calls=1 1000
1179 1 7 7
1180 2 11 5
1187 2 21 10
cfl=/usr/lib/python3.11/ssl.py
cfn=_sslcopydoc:1000
calls=1 1000
1187 1 7 7
1188 2 10 5
1195 2 21 10
cfl=/usr/lib/python3.11/ssl.py
cfn=_sslcopydoc:1000
calls=1 1000
1195 1 7 7
1196 2 11 5
1203 1 4 4
1214 1 7 7
1224 1 9 9
1230 1 7 7
1246 1 7 7
1256 1 7 7
1267 1 7 7
1282 1 6 6
1290 1 6 6
1298 1 6 6
1302 1 8 8
1306 2 24 12
cfl=/usr/lib/python3.11/ssl.py
cfn=_sslcopydoc:1000
calls=1 1000
1306 1 7 7
1307 2 10 5
1314 1 4 4
1319 2 26 13
cfl=/usr/lib/python3.11/ssl.py
cfn=_sslcopydoc:1000
calls=1 1000
1319 1 7 7
1320 2 10 5
1328 2 21 10
cfl=/usr/lib/python3.11/ssl.py
cfn=_sslcopydoc:1000
calls=1 1000
1328 1 7 7
1329 2 10 5
1335 1 4 4
1339 2 24 12
cfl=/usr/lib/python3.11/ssl.py
cfn=_sslcopydoc:1000
calls=1 1000
1339 1 7 7
1340 2 14 7
1350 1 4 4
1376 1 7 7
1381 1 7 7
1386 1 6 6
1398 2 24 12
cfl=/usr/lib/python3.11/ssl.py
cfn=_sslcopydoc:1000
calls=1 1000
1398 1 7 7
1399 2 10 5
1409 2 23 11
cfl=/usr/lib/python3.11/ssl.py
cfn=_sslcopydoc:1000
calls=1 1000
1409 1 7 7
1410 2 12 6
fl=/usr/lib/python3/dist-packages/_distutils_hack/__init__.py
fn=find_spec:89
89 14 23 1
92 14 31 2
93 2 2 1
95 12 54 4
96 12 30 2
97 12 62 5
cfl=/usr/lib/python3/dist-packages/_distutils_hack/__init__.py
cfn=<lambda>:96
calls=12 96
97 12 87 7
fn=<lambda>:96
96 24 87 3
fl=/usr/lib/python3.11/email/_header_value_parser.py
fn=get_unstructured:1087
1087 1 5 5
1110 1 15 15
cfl=/usr/lib/python3.11/email/_header_value_parser.py
cfn=__init__:121
calls=1 121
1110 1 10 10
1111 6 15 2
1112 5 10 2
1113 2 13 6
cfl=/usr/lib/python3.11/email/_header_value_parser.py
cfn=get_fws:1026
calls=2 1026
1113 2 58 29
1114 2 4 2
1115 2 4 2
1116 3 5 1
1117 3 9 3
1139 3 14 4
1146 3 8 2
1148 3 21 7
cfl=/usr/lib/python3.11/email/_header_value_parser.py
cfn=__new__:876
calls=3 876
1148 3 30 10
1149 3 18 6
cfl=/usr/lib/python3.11/email/_header_value_parser.py
cfn=_validate_xtext:986
calls=3 986
1149 3 57 19
1150 3 6 2
1151 3 6 2
1152 1 1 1
fn=__init__:121
121 17 33 1
122 17 44 2
123 17 34 2
fn=__new__:876
876 20 29 1
877 20 50 2
878 20 39 1
879 20 32 1
880 20 39 1
fn=_validate_xtext:986
986 10 18 1
989 10 26 2
990 10 22 2
992 10 53 5
cfl=/usr/lib/python3.11/email/utils.py
cfn=_has_surrogates:51
calls=10 51
992 10 71 7
fn=get_fws:1026
1026 3 26 8
1034 3 7 2
1035 3 21 7
cfl=/usr/lib/python3.11/email/_header_value_parser.py
cfn=__new__:876
calls=3 876
1035 3 28 9
1036 3 5 1
fn=__str__:125
125 10 15 1
126 10 174 17
cfl=/usr/lib/python3.11/email/_header_value_parser.py
cfn=<genexpr>:126
calls=32 126
126 32 498 15
fn=<genexpr>:126
126 64 112 1
cfl=/usr/lib/python3.11/email/_header_value_parser.py
cfn=__str__:125
calls=5 125
126 5 126 25
cfl=/usr/lib/python3.11/email/_header_value_parser.py
cfn=__str__:796
calls=1 796
126 1 288 288
fn=parse_content_type_header:2621
2621 2 4 2
2628 2 14 7
cfl=/usr/lib/python3.11/email/_header_value_parser.py
cfn=__init__:121
calls=2 121
2628 2 13 6
2629 2 4 2
2630 2 3 1
2634 2 3 1
2635 2 15 7
cfl=/usr/lib/python3.11/email/_header_value_parser.py
cfn=get_token:2254
calls=2 2254
2635 2 214 107
2641 2 4 2
2644 2 4 2
2650 2 15 7
cfl=/usr/lib/python3.11/email/_header_value_parser.py
cfn=value:132
calls=2 132
2650 2 66 33
2651 2 12 6
cfl=/usr/lib/python3.11/email/_header_value_parser.py
cfn=__new__:876
calls=2 876
2651 2 17 8
2652 2 4 2
2653 2 3 1
2654 2 11 5
cfl=/usr/lib/python3.11/email/_header_value_parser.py
cfn=get_token:2254
calls=2 2254
2654 2 142 71
2660 2 4 2
2661 2 13 6
cfl=/usr/lib/python3.11/email/_header_value_parser.py
cfn=value:132
calls=2 132
2661 2 50 25
2662 2 4 2
2663 1 2 2
2664 1 1 1
2674 1 8 8
cfl=/usr/lib/python3.11/email/_header_value_parser.py
cfn=__new__:876
calls=1 876
2674 1 8 8
2675 1 16 16
cfl=/usr/lib/python3.11/email/_header_value_parser.py
cfn=parse_mime_parameters:2553
calls=1 2553
2675 1 653 653
2676 1 2 2
fn=get_token:2254
2254 5 7 1
2263 5 27 5
cfl=/usr/lib/python3.11/email/_header_value_parser.py
cfn=__init__:121
calls=5 121
2263 5 30 6
2264 5 10 2
2267 5 8 1
2270 5 38 7
cfl=/usr/lib/python3.11/email/_header_value_parser.py
cfn=get_ttext:2235
calls=5 2235
2270 5 274 54
2271 5 10 2
2272 5 9 1
2275 5 7 1
fn=get_ttext:2235
2235 5 10 2
2244 5 16 3
2245 5 8 1
2248 5 14 2
2249 5 10 2
2250 5 26 5
cfl=/usr/lib/python3.11/email/_header_value_parser.py
cfn=__new__:876
calls=5 876
2250 5 43 8
2251 5 29 5
cfl=/usr/lib/python3.11/email/_header_value_parser.py
cfn=_validate_xtext:986
calls=5 986
2251 5 101 20
2252 5 12 2
fn=value:132
132 7 12 1
134 7 71 10
cfl=/usr/lib/python3.11/email/_header_value_parser.py
cfn=<genexpr>:134
calls=16 134
134 16 148 9
fn=<genexpr>:134
134 32 100 3
cfl=/usr/lib/python3.11/email/_header_value_parser.py
cfn=value:925
calls=14 925
134 14 36 2
cfl=/usr/lib/python3.11/email/_header_value_parser.py
cfn=value:184
calls=4 184
134 4 11 2
fn=value:925
925 14 15 1
927 14 20 1
fn=all_defects:136
136 16 20 1
138 16 149 9
cfl=/usr/lib/python3.11/email/_header_value_parser.py
cfn=<genexpr>:138
calls=43 138
138 43 347 8
fn=<genexpr>:138
138 86 191 2
cfl=/usr/lib/python3.11/email/_header_value_parser.py
cfn=all_defects:888
calls=15 888
138 15 46 3
cfl=/usr/lib/python3.11/email/_header_value_parser.py
cfn=all_defects:136
calls=12 136
138 12 253 21
fn=all_defects:888
888 15 17 1
890 15 28 1
fn=params:813
813 4 5 1
815 10 17 1
816 8 14 1
817 2 3 1
818 2 3 1
fn=parse_mime_parameters:2553
2553 1 3 3
2566 1 8 8
cfl=/usr/lib/python3.11/email/_header_value_parser.py
cfn=__init__:121
calls=1 121
2566 1 9 9
2567 2 5 2
2568 1 2 2
2569 1 25 25
cfl=/usr/lib/python3.11/email/_header_value_parser.py
cfn=get_parameter:2411
calls=1 2411
2569 1 590 590
2570 1 2 2
2590 1 2 2
2599 1 4 4
2603 1 1 1
fn=get_parameter:2411
2411 1 4 4
2422 1 11 11
cfl=/usr/lib/python3.11/email/_header_value_parser.py
cfn=__init__:121
calls=1 121
2422 1 6 6
2423 1 9 9
cfl=/usr/lib/python3.11/email/_header_value_parser.py
cfn=get_attribute:2296
calls=1 2296
2423 1 174 174
2424 1 3 3
2425 1 2 2
2429 1 2 2
2442 1 2 2
2444 1 46 46
cfl=/usr/lib/python3.11/email/_header_value_parser.py
cfn=__new__:876
calls=1 876
2444 1 8 8
2445 1 3 3
2446 1 2 2
2447 1 2 2
2450 1 2 2
2451 1 1 1
2452 1 5 5
2489 1 2 2
2492 1 10 10
cfl=/usr/lib/python3.11/email/_header_value_parser.py
cfn=get_value:2389
calls=1 2389
2492 1 272 272
2493 1 2 2
2494 1 4 4
2495 1 2 2
2496 1 1 1
2499 1 2 2
fn=get_attribute:2296
2296 1 2 2
2305 1 6 6
cfl=/usr/lib/python3.11/email/_header_value_parser.py
cfn=__init__:121
calls=1 121
2305 1 5 5
2306 1 2 2
2307 1 7 7
cfl=/usr/lib/python3.11/email/_header_value_parser.py
cfn=get_cfws:1270
calls=1 1270
2307 1 68 68
2308 1 2 2
2309 1 2 2
2312 1 7 7
cfl=/usr/lib/python3.11/email/_header_value_parser.py
cfn=get_attrtext:2277
calls=1 2277
2312 1 63 63
2313 1 2 2
2314 1 2 2
2317 1 2 2
fn=get_cfws:1270
1270 1 2 2
1274 1 10 10
cfl=/usr/lib/python3.11/email/_header_value_parser.py
cfn=__init__:121
calls=1 121
1274 1 5 5
1275 2 4 2
1276 1 1 1
1277 1 8 8
cfl=/usr/lib/python3.11/email/_header_value_parser.py
cfn=get_fws:1026
calls=1 1026
1277 1 30 30
1280 1 3 3
1281 1 1 1
fn=get_attrtext:2277
2277 1 2 2
2286 1 3 3
2287 1 2 2
2290 1 2 2
2291 1 5 5
2292 1 5 5
cfl=/usr/lib/python3.11/email/_header_value_parser.py
cfn=__new__:876
calls=1 876
2292 1 17 17
2293 1 5 5
cfl=/usr/lib/python3.11/email/_header_value_parser.py
cfn=_validate_xtext:986
calls=1 986
2293 1 17 17
2294 1 2 2
fn=get_value:2389
2389 1 4 4
2393 1 9 9
cfl=/usr/lib/python3.11/email/_header_value_parser.py
cfn=__init__:121
calls=1 121
2393 1 6 6
2394 1 2 2
2396 1 2 2
2397 1 2 2
2399 1 4 4
2402 1 2 2
2403 1 12 12
cfl=/usr/lib/python3.11/email/_header_value_parser.py
cfn=get_quoted_string:1283
calls=1 1283
2403 1 211 211
2406 1 4 4
2408 1 2 2
2409 1 7 7
fn=get_quoted_string:1283
1283 1 3 3
1290 1 6 6
cfl=/usr/lib/python3.11/email/_header_value_parser.py
cfn=__init__:121
calls=1 121
1290 1 5 5
1291 1 2 2
1294 1 14 14
cfl=/usr/lib/python3.11/email/_header_value_parser.py
cfn=get_bare_quoted_string:1202
calls=1 1202
1294 1 171 171
1295 1 2 2
1296 1 1 1
1299 1 2 2
fn=get_bare_quoted_string:1202
1202 1 2 2
1209 1 2 2
1212 1 8 8
cfl=/usr/lib/python3.11/email/_header_value_parser.py
cfn=__init__:121
calls=1 121
1212 1 5 5
1213 1 2 2
1214 1 2 2
1217 2 4 2
1218 1 2 2
1220 1 4 4
1237 1 7 7
cfl=/usr/lib/python3.11/email/_header_value_parser.py
cfn=get_qcontent:1171
calls=1 1171
1237 1 122 122
1238 1 2 2
1239 1 1 1
1243 1 2 2
fn=get_qcontent:1171
1171 1 2 2
1181 1 10 10
cfl=/usr/lib/python3.11/email/_header_value_parser.py
cfn=_get_ptext_to_endchars:996
calls=1 996
1181 1 68 68
1182 1 6 6
cfl=/usr/lib/python3.11/email/_header_value_parser.py
cfn=__new__:876
calls=1 876
1182 1 8 8
1183 1 5 5
cfl=/usr/lib/python3.11/email/_header_value_parser.py
cfn=_validate_xtext:986
calls=1 986
1183 1 16 16
1184 1 2 2
fn=_get_ptext_to_endchars:996
996 1 1 1
1005 1 4 4
1006 1 2 2
1007 1 2 2
1008 1 1 1
1009 6 11 1
1010 6 9 1
1017 6 9 1
1019 6 9 1
1020 1 1 1
1021 5 8 1
1024 1 5 5
fn=__str__:796
796 1 2 2
797 1 2 2
798 2 22 11
cfl=/usr/lib/python3.11/email/_header_value_parser.py
cfn=params:726
calls=2 726
798 2 239 119
799 1 1 1
800 1 8 8
cfl=/usr/lib/python3.11/email/_header_value_parser.py
cfn=quote_string:96
calls=1 96
800 1 5 5
803 1 1 1
804 1 2 2
fn=params:726
726 3 8 2
733 2 4 2
734 4 8 2
735 2 5 2
737 2 5 2
739 2 12 6
cfl=/usr/lib/python3.11/email/_header_value_parser.py
cfn=value:132
calls=2 132
739 2 87 43
740 2 4 2
741 2 4 2
742 2 13 6
cfl=/usr/lib/python3.11/email/_header_value_parser.py
cfn=section_number:664
calls=2 664
742 2 7 3
743 4 8 2
744 2 12 6
745 2 4 2
746 2 3 1
750 2 4 2
757 2 5 2
758 2 4 2
759 4 7 1
760 2 4 2
771 2 3 1
772 2 13 6
cfl=/usr/lib/python3.11/email/_header_value_parser.py
cfn=param_value:670
calls=2 670
772 2 144 72
773 2 4 2
792 2 7 3
793 2 3 1
794 4 8 2
fn=value:184
184 4 5 1
186 4 6 1
fn=section_number:664
664 2 3 1
668 2 3 1
fn=param_value:670
670 2 3 1
673 6 9 1
674 6 10 1
675 2 15 7
cfl=/usr/lib/python3.11/email/_header_value_parser.py
cfn=stripped_value:710
calls=2 710
675 2 99 49
676 4 6 1
fn=stripped_value:710
710 2 3 1
712 2 4 2
713 2 6 3
715 4 7 1
716 2 5 2
717 2 10 5
cfl=/usr/lib/python3.11/email/_header_value_parser.py
cfn=stripped_value:244
calls=2 244
717 2 61 30
fn=stripped_value:244
244 2 4 2
246 2 4 2
247 2 3 1
248 2 12 6
cfl=/usr/lib/python3.11/email/_header_value_parser.py
cfn=value:258
calls=2 258
248 2 36 18
fn=value:258
258 2 4 2
260 2 18 9
cfl=/usr/lib/python3.11/email/_header_value_parser.py
cfn=<genexpr>:260
calls=4 260
260 4 12 3
fn=<genexpr>:260
260 8 12 1
fn=quote_string:96
96 1 2 2
97 1 3 3
fn=parse_content_transfer_encoding_header:2708
2708 1 4 4
2713 1 7 7
cfl=/usr/lib/python3.11/email/_header_value_parser.py
cfn=__init__:121
calls=1 121
2713 1 6 6
2714 1 2 2
2718 1 1 1
2719 1 6 6
cfl=/usr/lib/python3.11/email/_header_value_parser.py
cfn=get_token:2254
calls=1 2254
2719 1 68 68
2724 1 3 3
2725 1 7 7
cfl=/usr/lib/python3.11/email/_header_value_parser.py
cfn=value:132
calls=1 132
2725 1 26 26
2726 1 2 2
2727 1 2 2
fn=parse_mime_version:2149
2149 1 3 3
2155 1 8 8
cfl=/usr/lib/python3.11/email/_header_value_parser.py
cfn=__init__:121
calls=1 121
2155 1 6 6
2156 1 2 2
2160 1 2 2
2166 1 2 2
2167 2 5 2
2168 1 1 1
2169 1 2 2
2170 1 2 2
2175 1 5 5
2176 1 7 7
cfl=/usr/lib/python3.11/email/_header_value_parser.py
cfn=__new__:876
calls=1 876
2176 1 9 9
2177 1 2 2
2180 1 41 41
2187 1 7 7
cfl=/usr/lib/python3.11/email/_header_value_parser.py
cfn=__new__:876
calls=1 876
2187 1 11 11
2188 1 3 3
2189 1 2 2
2192 1 2 2
2197 1 2 2
2198 2 6 3
2199 1 2 2
2200 1 2 2
2201 1 2 2
2206 1 2 2
2207 1 6 6
cfl=/usr/lib/python3.11/email/_header_value_parser.py
cfn=__new__:876
calls=1 876
2207 1 8 8
2208 1 2 2
2211 1 2 2
2215 1 2 2
fl=./send_reminders.py
fn=<module>:1
0 1 10 10
2 1 14 14
5 1 5 5
6 1 18 18
cfl=<frozen importlib._bootstrap>
cfn=_find_and_load:1165
calls=1 1165
6 1 75614 75614
7 1 6 6
10 1 3 3
18 1 3 3
23 1 2 2
39 1 2 2
50 1 2 2
63 1 5 5
64 1 27 27
cfl=./send_reminders.py
cfn=main:50
calls=1 50
64 1 42128 42128
fn=dow:18
18 1 3 3
19 1 492 492
cfl=<frozen importlib._bootstrap>
cfn=_find_and_load:1165
calls=1 1165
19 1 9478 9478
cfl=/usr/lib/python3.11/_strptime.py
cfn=_strptime_datetime:565
calls=1 565
19 1 8787 8787
20 1 21 21
fn=message_template:23
23 1 1 1
24 1 9 9
cfl=/usr/lib/python3.11/email/message.py
cfn=__init__:974
calls=1 974
24 1 51 51
25 1 10 10
cfl=./send_reminders.py
cfn=dow:18
calls=1 18
25 1 18784 18784
26 1 12 12
cfl=/usr/lib/python3.11/email/message.py
cfn=__setitem__:420
calls=1 420
26 1 590 590
27 4 16 4
cfl=/usr/lib/python3.11/email/message.py
cfn=set_content:1197
calls=1 1197
27 1 4635 4635
31 1 4 4
32 2 2 1
36 1 1 1
fn=send_message:39
39 1 1 1
40 1 15 15
cfl=/usr/lib/python3.11/smtplib.py
cfn=__init__:229
calls=1 229
40 1 17930 17930
fn=main:50
50 1 3 3
51 1 3 3
54 1 2 2
55 1 3 3
56 1 8 8
cfl=./send_reminders.py
cfn=message_template:23
calls=1 23
56 1 24122 24122
57 1 9 9
cfl=./send_reminders.py
cfn=send_message:39
calls=1 39
57 1 17947 17947
59 1 2 2
60 1 26 26
fl=/usr/lib/python3.11/_strptime.py
fn=<module>:1
0 1 19 19
1 1 18 18
13 1 8 8
14 1 7 7
15 1 7 7
16 1 21 21
cfl=<frozen importlib._bootstrap>
cfn=_handle_fromlist:1207
calls=1 1207
16 1 19 19
17 1 22 22
cfl=<frozen importlib._bootstrap>
cfn=_handle_fromlist:1207
calls=1 1207
17 1 14 14
18 1 19 19
cfl=<frozen importlib._bootstrap>
cfn=_handle_fromlist:1207
calls=1 1207
18 1 13 13
19 1 11 11
22 1 9 9
24 1 7 7
26 1 7 7
30 1 39 39
cfl=/usr/lib/python3.11/_strptime.py
cfn=LocaleTime:30
calls=1 30
30 1 42 42
170 1 37 37
cfl=/usr/lib/python3.11/_strptime.py
cfn=TimeRE:170
calls=1 170
170 1 30 30
265 1 8 8
268 1 32 32
cfl=/usr/lib/python3.11/_strptime.py
cfn=__init__:173
calls=1 173
268 1 7065 7065
269 1 8 8
270 1 10 10
272 1 7 7
293 1 7 7
309 1 9 9
559 1 7 7
565 1 7 7
fn=_getlang:26
26 3 5 1
28 3 17 5
cfl=/usr/lib/python3.11/locale.py
cfn=getlocale:593
calls=3 593
28 3 197 65
fn=LocaleTime:30
30 2 16 8
31 1 2 2
49 1 4 4
80 1 3 3
88 1 4 4
95 1 3 3
107 1 3 3
152 1 4 4
fn=__init__:49
49 1 2 2
69 1 6 6
cfl=/usr/lib/python3.11/_strptime.py
cfn=_getlang:26
calls=1 26
69 1 109 109
70 1 7 7
cfl=/usr/lib/python3.11/_strptime.py
cfn=__calc_weekday:80
calls=1 80
70 1 308 308
71 1 8 8
cfl=/usr/lib/python3.11/_strptime.py
cfn=__calc_month:88
calls=1 88
71 1 375 375
72 1 8 8
cfl=/usr/lib/python3.11/_strptime.py
cfn=__calc_am_pm:95
calls=1 95
72 1 24 24
73 1 9 9
cfl=/usr/lib/python3.11/_strptime.py
cfn=__calc_timezone:152
calls=1 152
73 1 42 42
74 1 14 14
cfl=/usr/lib/python3.11/_strptime.py
cfn=__calc_date_time:107
calls=1 107
74 1 523 523
75 1 7 7
cfl=/usr/lib/python3.11/_strptime.py
cfn=_getlang:26
calls=1 26
75 1 56 56
77 1 3 3
fn=__calc_weekday:80
80 1 2 2
83 1 8 8
cfl=/usr/lib/python3.11/_strptime.py
cfn=<listcomp>:83
calls=1 83
83 1 185 185
84 1 7 7
cfl=/usr/lib/python3.11/_strptime.py
cfn=<listcomp>:84
calls=1 84
84 1 99 99
85 1 2 2
86 1 2 2
fn=__calc_month:88
88 1 1 1
90 1 6 6
cfl=/usr/lib/python3.11/_strptime.py
cfn=<listcomp>:90
calls=1 90
90 1 184 184
91 1 6 6
cfl=/usr/lib/python3.11/_strptime.py
cfn=<listcomp>:91
calls=1 91
91 1 170 170
92 1 2 2
93 1 2 2
fn=__calc_am_pm:95
95 1 1 1
101 1 2 2
102 3 6 2
103 2 4 2
104 2 7 3
105 1 1 1
fn=__calc_date_time:107
107 1 3 3
115 1 3 3
116 1 3 3
117 1 5 5
118 1 4 4
119 1 8 8
120 2 6 3
121 1 5 5
122 1 3 3
123 1 2 2
124 1 2 2
125 1 2 2
127 1 2 2
128 1 8 8
cfl=/usr/lib/python3.11/_strptime.py
cfn=<listcomp>:128
calls=1 128
128 1 33 33
130 4 17 4
131 3 7 2
132 66 124 1
137 63 110 1
138 63 123 1
142 3 7 2
143 3 11 3
146 3 7 2
147 3 7 2
148 1 2 2
149 1 3 3
150 1 3 3
fn=__calc_timezone:152
152 1 1 1
156 1 1 1
157 1 15 15
160 1 3 3
161 1 5 5
162 1 4 4
163 1 5 5
164 1 3 3
167 1 2 2
fn=TimeRE:170
170 2 12 6
171 1 2 2
173 1 6 6
219 1 3 3
238 1 3 3
261 1 3 3
fn=__init__:173
173 1 7 7
179 1 2 2
182 1 11 11
cfl=/usr/lib/python3.11/_strptime.py
cfn=__init__:49
calls=1 49
182 1 1510 1510
183 1 2 2
184 19 52 2
186 1 5 5
187 1 1 1
188 1 1 1
189 1 1 1
190 1 1 1
191 1 1 1
192 1 1 1
193 1 1 1
194 1 1 1
195 1 1 1
196 1 1 1
197 1 1 1
198 1 1 1
200 1 1 1
203 1 1 1
204 1 1 1
205 1 9 9
cfl=/usr/lib/python3.11/_strptime.py
cfn=__seqToRE:219
calls=1 219
205 1 134 134
206 1 6 6
cfl=/usr/lib/python3.11/_strptime.py
cfn=__seqToRE:219
calls=1 219
206 1 105 105
207 1 8 8
cfl=/usr/lib/python3.11/_strptime.py
cfn=__seqToRE:219
calls=1 219
207 1 164 164
208 1 7 7
cfl=/usr/lib/python3.11/_strptime.py
cfn=__seqToRE:219
calls=1 219
208 1 161 161
209 1 7 7
cfl=/usr/lib/python3.11/_strptime.py
cfn=__seqToRE:219
calls=1 219
209 1 42 42
210 2 10 5
cfl=/usr/lib/python3.11/_strptime.py
cfn=__seqToRE:219
calls=1 219
210 1 117 117
212 1 2 2
213 1 1 1
214 1 4 4
215 1 14 14
cfl=/usr/lib/python3.11/_strptime.py
cfn=pattern:238
calls=1 238
215 1 4432 4432
216 1 9 9
cfl=/usr/lib/python3.11/_strptime.py
cfn=pattern:238
calls=1 238
216 1 104 104
217 1 8 8
cfl=/usr/lib/python3.11/_strptime.py
cfn=pattern:238
calls=1 238
217 1 96 96
fn=__seqToRE:219
219 6 10 1
228 6 32 5
cfl=/usr/lib/python3.11/_strptime.py
cfn=<genexpr>:210
calls=5 210
228 5 33 6
229 6 10 1
230 6 9 1
231 6 9 1
234 6 149 24
cfl=/usr/lib/python3.11/_strptime.py
cfn=<genexpr>:234
calls=50 234
234 50 445 8
235 6 11 1
236 6 14 2
fn=pattern:238
238 4 10 2
245 4 7 1
249 4 20 5
cfl=/usr/lib/python3.11/re/__init__.py
cfn=compile:225
calls=4 225
249 4 2873 718
250 4 34 8
cfl=/usr/lib/python3.11/re/__init__.py
cfn=_subx:315
calls=4 315
250 4 329 82
251 4 20 5
cfl=/usr/lib/python3.11/re/__init__.py
cfn=compile:225
calls=4 225
251 4 978 244
252 4 32 8
cfl=/usr/lib/python3.11/re/__init__.py
cfn=_subx:315
calls=4 315
252 4 230 57
253 20 32 1
254 16 29 1
255 32 47 1
256 16 25 1
257 16 30 1
258 16 25 1
259 4 9 2
fn=compile:261
261 1 2 2
263 1 11 11
cfl=/usr/lib/python3.11/_strptime.py
cfn=pattern:238
calls=1 238
263 1 106 106
cfl=/usr/lib/python3.11/re/__init__.py
cfn=compile:225
calls=1 225
263 1 8313 8313
fn=<listcomp>:83
83 9 47 5
cfl=/usr/lib/python3.11/calendar.py
cfn=__getitem__:79
calls=7 79
83 7 137 19
fn=<listcomp>:84
84 9 39 4
cfl=/usr/lib/python3.11/calendar.py
cfn=__getitem__:79
calls=7 79
84 7 60 8
fn=<listcomp>:90
90 15 69 4
cfl=/usr/lib/python3.11/calendar.py
cfn=__getitem__:60
calls=13 60
90 13 114 8
fn=<listcomp>:91
91 15 66 4
cfl=/usr/lib/python3.11/calendar.py
cfn=__getitem__:60
calls=13 60
91 13 104 8
fn=<listcomp>:128
128 14 24 1
129 6 8 1
fn=<genexpr>:234
234 100 252 2
cfl=/usr/lib/python3.11/re/__init__.py
cfn=escape:253
calls=44 253
234 44 193 4
fn=<genexpr>:210
210 18 25 1
211 6 8 1
fn=_strptime:309
309 1 3 3
314 3 9 3
315 2 6 3
320 2 6 3
321 1 3 3
322 1 9 9
cfl=/usr/lib/python3.11/_strptime.py
cfn=_getlang:26
calls=1 26
322 1 54 54
323 1 4 4
324 1 3 3
328 1 3 3
330 1 3 3
331 1 3 3
332 1 5 5
333 1 14 14
cfl=/usr/lib/python3.11/_strptime.py
cfn=compile:261
calls=1 261
333 1 8434 8434
346 1 3 3
347 1 4 4
348 1 3 3
351 1 3 3
355 1 3 3
356 1 2 2
357 1 2 2
358 1 2 2
359 1 2 2
360 1 2 2
363 1 2 2
364 1 2 2
367 1 3 3
368 1 4 4
369 4 12 3
375 3 14 4
384 3 6 2
385 1 3 3
386 2 3 1
388 2 4 2
389 1 3 3
390 1 1 1
392 1 3 3
394 1 2 2
395 1 5 5
488 1 2 2
497 1 2 2
507 1 3 3
508 1 2 2
511 1 2 2
517 1 2 2
529 1 2 2
534 3 10 3
535 2 7 3
544 1 2 2
545 1 3 3
547 1 3 3
549 1 4 4
555 3 8 2
556 1 2 2
557 2 4 2
fn=_strptime_datetime:565
565 1 2 2
568 1 37 37
cfl=/usr/lib/python3.11/_strptime.py
cfn=_strptime:309
calls=1 309
568 1 8736 8736
569 1 2 2
570 1 2 2
571 1 1 1
579 1 2 2
fl=/usr/lib/python3.11/hashlib.py
fn=<module>:1
0 1 9 9
5 1 13 13
58 1 5 5
64 1 5 5
65 1 5 5
67 1 4 4
71 1 4 4
78 1 4 4
79 1 11 11
82 1 4 4
126 1 3 3
144 1 4 4
152 1 6 6
169 1 3 3
170 1 4 4
171 1 4 4
172 1 3 3
173 2 10 5
174 1 4 4
180 1 2 2
182 1 7 7
250 1 4 4
252 1 5 5
257 1 6 6
303 15 42 2
306 14 36 2
307 14 120 8
cfl=/usr/lib/python3.11/hashlib.py
cfn=__get_openssl_constructor:126
calls=14 126
307 14 768 54
314 1 2 2
315 1 5 5
fn=__get_builtin_constructor:82
82 2 3 1
83 2 4 2
84 2 5 2
85 2 3 1
86 1 1 1
87 1 2 2
88 1 6 6
91 1 2 2
94 1 2 2
98 1 1 1
102 1 2 2
103 1 8 8
cfl=<frozen importlib._bootstrap>
cfn=_find_and_load:1165
calls=1 1165
103 1 503 503
104 1 5 5
105 1 3 3
119 1 2 2
120 1 2 2
121 1 4 4
fn=__get_openssl_constructor:126
126 14 31 2
127 14 24 1
129 2 17 8
cfl=/usr/lib/python3.11/hashlib.py
cfn=__get_builtin_constructor:82
calls=2 82
129 2 568 284
130 12 16 1
133 12 24 2
137 12 64 5
139 12 21 1
fl=/usr/lib/python3.11/calendar.py
fn=__getitem__:79
79 14 22 1
80 14 30 2
81 14 24 1
84 14 120 8
fn=__getitem__:60
60 26 25 0
61 26 43 1
62 26 41 1
65 26 98 3
cfl=/usr/lib/python3.11/calendar.py
cfn=<lambda>:55
calls=2 55
65 2 10 5
fn=<lambda>:55
55 4 10 2
fl=/usr/lib/python3.11/email/policy.py
fn=header_max_count:100
100 4 6 1
106 4 35 8
cfl=/usr/lib/python3.11/email/headerregistry.py
cfn=__getitem__:590
calls=4 590
106 4 109 27
fn=header_store_parse:131
131 5 7 1
141 5 10 2
143 5 13 2
148 5 29 5
cfl=/usr/lib/python3.11/email/headerregistry.py
cfn=__call__:594
calls=5 594
148 5 3966 793
fn=header_fetch_parse:150
150 3 6 2
159 3 27 9
cfl=/usr/lib/python3.11/email/headerregistry.py
cfn=name:205
calls=3 205
159 3 12 4
160 3 5 1
fl=<frozen importlib._bootstrap_external>
fn=find_spec:1496
1496 12 14 1
1502 12 24 2
1503 10 16 1
1504 12 65 5
cfl=<frozen importlib._bootstrap_external>
cfn=_get_spec:1464
calls=12 1464
1504 12 10697 891
1505 12 19 1
1507 12 17 1
1508 1 1 1
1509 1 2 2
1516 1 1 1
1518 11 16 1
fn=_get_spec:1464
1464 12 14 1
1469 12 19 1
1470 49 74 1
1471 48 82 1
1473 48 220 4
cfl=<frozen importlib._bootstrap_external>
cfn=_path_importer_cache:1421
calls=48 1421
1473 48 710 14
1474 48 71 1
1475 38 74 1
1476 38 210 5
cfl=<frozen importlib._bootstrap_external>
cfn=find_spec:1604
calls=38 1604
1476 38 9054 238
1479 38 60 1
1480 27 41 1
1481 11 16 1
1482 11 17 1
1492 1 6 6
cfl=<frozen importlib._bootstrap>
cfn=__init__:357
calls=1 357
1492 1 14 14
1493 1 3 3
1494 1 2 2
fn=_path_importer_cache:1421
1421 48 56 1
1429 48 75 1
1436 48 68 1
1437 48 91 1
1438 1 3 3
1439 1 6 6
cfl=<frozen importlib._bootstrap_external>
cfn=_path_hooks:1408
calls=1 1408
1439 1 334 334
1440 1 2 2
1441 48 72 1
fn=_path_hooks:1408
1408 1 1 1
1411 1 4 4
1413 2 4 2
1414 2 3 1
1415 2 22 11
cfl=<frozen zipimport>
cfn=__init__:64
calls=1 64
1415 1 136 136
cfl=<frozen importlib._bootstrap_external>
cfn=path_hook_for_FileFinder:1696
calls=1 1696
1415 1 154 154
1416 1 2 2
1417 1 3 3
fn=_path_stat:140
140 60 76 1
147 60 358 5
fn=path_hook_for_FileFinder:1696
1696 1 2 2
1698 1 8 8
cfl=<frozen importlib._bootstrap_external>
cfn=_path_isdir:164
calls=1 164
1698 1 36 36
1700 1 11 11
cfl=<frozen importlib._bootstrap_external>
cfn=__init__:1559
calls=1 1559
1700 1 95 95
fn=_path_isdir:164
164 1 2 2
166 1 1 1
168 1 10 10
cfl=<frozen importlib._bootstrap_external>
cfn=_path_is_mode_type:150
calls=1 150
168 1 22 22
fn=_path_is_mode_type:150
150 12 13 1
152 12 18 1
153 12 58 4
cfl=<frozen importlib._bootstrap_external>
cfn=_path_stat:140
calls=12 140
153 12 76 6
156 12 24 2
fn=__init__:1559
1559 1 2 2
1563 1 2 2
1564 4 8 2
1565 3 33 11
cfl=<frozen importlib._bootstrap_external>
cfn=<genexpr>:1565
calls=8 1565
1565 8 24 3
1566 1 2 2
1568 1 2 2
1569 1 8 8
1574 1 6 6
1575 1 2 2
1576 1 2 2
fn=<genexpr>:1565
1565 16 24 1
fn=find_spec:1604
1604 38 50 1
1609 38 61 1
1610 38 70 1
1611 38 60 1
1612 38 215 5
cfl=<frozen importlib._bootstrap_external>
cfn=_path_stat:140
calls=38 140
1612 38 281 7
1615 38 72 1
1616 1 12 12
cfl=<frozen importlib._bootstrap_external>
cfn=_fill_cache:1655
calls=1 1655
1616 1 41 41
1617 1 2 2
1619 38 177 4
cfl=<frozen importlib._bootstrap_external>
cfn=_relax_case:71
calls=38 71
1619 38 104 2
1623 38 66 1
1624 38 59 1
1626 38 63 1
1638 200 338 1
1639 173 262 1
1640 173 859 4
cfl=<frozen importlib._bootstrap_external>
cfn=_path_join:126
calls=173 126
1640 173 3384 19
1643 173 834 4
cfl=<frozen importlib._bootstrap>
cfn=_verbose_message:244
calls=173 244
1643 173 511 2
1644 173 318 1
1645 11 54 4
cfl=<frozen importlib._bootstrap_external>
cfn=_path_isfile:159
calls=11 159
1645 11 238 21
1646 22 84 3
cfl=<frozen importlib._bootstrap_external>
cfn=_get_spec:1599
calls=11 1599
1646 11 724 65
1647 11 17 1
1648 27 42 1
1653 27 42 1
fn=_fill_cache:1655
1655 1 2 2
1657 1 2 2
1658 1 2 2
1659 1 21 21
1666 1 4 4
1667 1 3 3
1683 1 5 5
fn=_relax_case:71
71 38 47 1
73 38 57 1
fn=_path_join:126
126 191 226 1
128 382 1145 2
cfl=<frozen importlib._bootstrap_external>
cfn=<listcomp>:128
calls=191 128
128 191 2186 11
129 191 273 1
fn=<listcomp>:128
128 1182 1640 1
129 400 546 1
fn=_path_isfile:159
159 11 13 1
161 11 55 5
cfl=<frozen importlib._bootstrap_external>
cfn=_path_is_mode_type:150
calls=11 150
161 11 169 15
fn=_get_spec:1599
1599 11 14 1
1600 11 64 5
cfl=<frozen importlib._bootstrap_external>
cfn=__init__:1097
calls=9 1097
1600 9 43 4
cfl=<frozen importlib._bootstrap_external>
cfn=__init__:1220
calls=2 1220
1600 2 13 6
1601 22 83 3
cfl=<frozen importlib._bootstrap_external>
cfn=spec_from_file_location:778
calls=11 778
1601 11 488 44
1602 11 16 1
fn=__init__:1097
1097 9 10 1
1100 9 16 1
1101 9 15 1
fn=spec_from_file_location:778
778 11 15 1
790 11 19 1
802 11 22 2
803 11 53 4
cfl=<frozen importlib._bootstrap_external>
cfn=_path_isabs:180
calls=11 180
803 11 37 3
815 11 69 6
cfl=<frozen importlib._bootstrap>
cfn=__init__:357
calls=11 357
815 11 155 14
816 11 21 1
819 11 17 1
829 11 19 1
840 11 18 1
841 11 21 1
846 11 16 1
fn=_path_isabs:180
180 11 13 1
182 11 24 2
fn=create_module:931
931 18 26 1
fn=_get_cached:567
567 11 12 1
568 11 31 2
569 9 13 1
570 9 54 6
cfl=<frozen importlib._bootstrap_external>
cfn=cache_from_source:437
calls=9 437
570 9 771 85
573 2 3 1
576 2 4 2
fn=cache_from_source:437
437 18 27 1
455 18 30 1
462 18 34 1
463 18 98 5
cfl=<frozen importlib._bootstrap_external>
cfn=_path_split:132
calls=18 132
463 18 362 20
464 18 39 2
465 18 38 2
466 18 30 1
468 18 39 2
469 18 29 1
470 18 33 1
471 18 32 1
474 18 32 1
475 18 29 1
479 18 33 1
480 18 35 1
505 18 93 5
cfl=<frozen importlib._bootstrap_external>
cfn=_path_join:126
calls=18 126
505 18 447 24
fn=_path_split:132
132 18 26 1
134 18 155 8
cfl=<frozen importlib._bootstrap_external>
cfn=<genexpr>:134
calls=36 134
134 36 109 3
135 18 29 1
137 18 40 2
fn=<genexpr>:134
134 72 109 1
fn=exec_module:934
934 9 11 1
936 9 71 7
cfl=<frozen importlib._bootstrap_external>
cfn=get_code:1007
calls=9 1007
936 9 3922 435
937 9 17 1
940 9 66 7
cfl=<frozen importlib._bootstrap>
cfn=_call_with_frames_removed:233
calls=9 233
940 9 95946 10660
fn=get_code:1007
1007 9 16 1
1014 9 53 5
cfl=<frozen importlib._bootstrap_external>
cfn=_check_name_wrapper:599
calls=9 599
1014 9 157 17
1015 9 17 1
1016 9 14 1
1017 9 15 1
1018 9 14 1
1019 9 14 1
1020 9 13 1
1021 9 51 5
cfl=<frozen importlib._bootstrap_external>
cfn=cache_from_source:437
calls=9 437
1021 9 697 77
1025 9 17 1
1026 9 51 5
cfl=<frozen importlib._bootstrap_external>
cfn=path_stats:1146
calls=9 1146
1026 9 138 15
1030 9 23 2
1031 9 15 1
1032 9 61 6
cfl=<frozen importlib._bootstrap_external>
cfn=get_data:1127
calls=9 1127
1032 9 477 53
1036 9 15 1
1037 9 16 1
1038 9 14 1
1040 9 14 1
1041 9 56 6
cfl=<frozen importlib._bootstrap_external>
cfn=_classify_pyc:642
calls=9 642
1041 9 199 22
1042 9 24 2
1043 9 16 1
1044 9 17 1
1057 18 63 3
cfl=<frozen importlib._bootstrap_external>
cfn=_validate_timestamp_pyc:675
calls=9 675
1057 9 195 21
1058 9 16 1
1059 9 13 1
1060 9 14 1
1061 9 14 1
1062 9 13 1
1067 18 63 3
cfl=<frozen importlib._bootstrap>
cfn=_verbose_message:244
calls=9 244
1067 9 32 3
1068 9 14 1
1069 18 82 4
cfl=<frozen importlib._bootstrap_external>
cfn=_compile_bytecode:727
calls=9 727
1069 9 1143 127
1070 9 14 1
1071 9 15 1
fn=_check_name_wrapper:599
599 9 12 1
600 9 16 1
602 9 15 1
605 9 87 9
cfl=<frozen importlib._bootstrap_external>
cfn=get_filename:1122
calls=9 1122
605 9 24 2
fn=get_filename:1122
1122 9 9 1
1125 9 14 1
fn=path_stats:1146
1146 9 12 1
1148 9 46 5
cfl=<frozen importlib._bootstrap_external>
cfn=_path_stat:140
calls=9 140
1148 9 59 6
1149 9 19 2
fn=get_data:1127
1127 9 12 1
1129 9 19 2
1130 18 247 13
1131 9 198 22
fn=_classify_pyc:642
642 9 15 1
658 9 19 2
659 9 20 2
663 9 17 1
667 9 46 5
cfl=<frozen importlib._bootstrap_external>
cfn=_unpack_uint32:84
calls=9 84
667 9 49 5
669 9 15 1
672 9 13 1
fn=_unpack_uint32:84
84 27 32 1
86 27 42 1
87 27 51 1
fn=_validate_timestamp_pyc:675
675 9 12 1
694 9 46 5
cfl=<frozen importlib._bootstrap_external>
cfn=_unpack_uint32:84
calls=9 84
694 9 39 4
698 9 16 1
699 9 43 4
cfl=<frozen importlib._bootstrap_external>
cfn=_unpack_uint32:84
calls=9 84
699 9 37 4
fn=_compile_bytecode:727
727 9 12 1
729 9 935 103
730 9 36 4
731 9 63 7
cfl=<frozen importlib._bootstrap>
cfn=_verbose_message:244
calls=9 244
731 9 40 4
732 9 17 1
733 9 20 2
734 9 16 1
fn=__init__:1220
1220 2 4 2
1221 2 5 2
1222 2 4 2
fn=create_module:1231
1231 2 3 1
1233 4 29 7
cfl=<frozen importlib._bootstrap>
cfn=_call_with_frames_removed:233
calls=2 233
1233 2 1098 549
1234 2 3 1
1235 4 18 4
cfl=<frozen importlib._bootstrap>
cfn=_verbose_message:244
calls=2 244
1235 2 9 4
1236 2 5 2
1237 2 3 1
fn=exec_module:1239
1239 2 3 1
1241 2 27 13
cfl=<frozen importlib._bootstrap>
cfn=_call_with_frames_removed:233
calls=2 233
1241 2 1976 988
1242 4 20 5
cfl=<frozen importlib._bootstrap>
cfn=_verbose_message:244
calls=2 244
1242 2 9 4
1243 2 5 2
